{"meta": {"format": 3, "version": "7.8.0", "timestamp": "2026-02-26T16:06:40.080420", "branch_coverage": true, "show_contexts": false}, "files": {"apgi_system\\__init__.py": {"executed_lines": [1, 8, 10, 11, 12, 13, 15], "summary": {"covered_lines": 6, "num_statements": 6, "percent_covered": 100.0, "percent_covered_display": "100.00", "missing_lines": 0, "excluded_lines": 0, "num_branches": 0, "num_partial_branches": 0, "covered_branches": 0, "missing_branches": 0}, "missing_lines": [], "excluded_lines": [], "executed_branches": [], "missing_branches": [], "functions": {"": {"executed_lines": [1, 8, 10, 11, 12, 13, 15], "summary": {"covered_lines": 6, "num_statements": 6, "percent_covered": 100.0, "percent_covered_display": "100.00", "missing_lines": 0, "excluded_lines": 0, "num_branches": 0, "num_partial_branches": 0, "covered_branches": 0, "missing_branches": 0}, "missing_lines": [], "excluded_lines": [], "executed_branches": [], "missing_branches": []}}, "classes": {"": {"executed_lines": [1, 8, 10, 11, 12, 13, 15], "summary": {"covered_lines": 6, "num_statements": 6, "percent_covered": 100.0, "percent_covered_display": "100.00", "missing_lines": 0, "excluded_lines": 0, "num_branches": 0, "num_partial_branches": 0, "covered_branches": 0, "missing_branches": 0}, "missing_lines": [], "excluded_lines": [], "executed_branches": [], "missing_branches": []}}}, "apgi_system\\analysis.py": {"executed_lines": [], "summary": {"covered_lines": 0, "num_statements": 186, "percent_covered": 0.0, "percent_covered_display": "0.00", "missing_lines": 186, "excluded_lines": 0, "num_branches": 72, "num_partial_branches": 0, "covered_branches": 0, "missing_branches": 72}, "missing_lines": [8, 9, 10, 11, 14, 15, 67, 68, 69, 70, 71, 74, 96, 104, 106, 130, 133, 136, 139, 142, 146, 154, 182, 184, 185, 196, 199, 200, 201, 206, 207, 208, 210, 214, 216, 226, 252, 253, 254, 256, 257, 267, 268, 269, 272, 273, 276, 277, 280, 283, 284, 285, 287, 289, 298, 321, 324, 326, 335, 360, 362, 368, 394, 403, 424, 425, 426, 427, 429, 430, 432, 433, 434, 435, 436, 441, 442, 443, 449, 451, 475, 477, 478, 479, 482, 483, 486, 487, 488, 491, 492, 493, 496, 497, 499, 512, 514, 538, 540, 541, 542, 545, 546, 547, 548, 551, 554, 555, 556, 557, 560, 561, 562, 564, 571, 573, 595, 598, 599, 600, 602, 605, 606, 607, 608, 609, 612, 613, 614, 615, 616, 619, 620, 621, 623, 624, 626, 628, 636, 638, 654, 681, 683, 685, 687, 688, 689, 690, 691, 692, 693, 694, 696, 698, 700, 702, 703, 704, 705, 706, 707, 709, 711, 713, 714, 716, 717, 718, 719, 720, 721, 722, 723, 725, 727, 729, 731, 732, 733, 734, 735, 736, 738, 741, 767, 768], "excluded_lines": [], "executed_branches": [], "missing_branches": [[184, 185], [184, 196], [200, 201], [200, 206], [206, 207], [206, 210], [256, 257], [256, 267], [283, 284], [283, 287], [425, 426], [425, 429], [426, 425], [426, 427], [432, 433], [432, 449], [434, 432], [434, 435], [435, 436], [435, 441], [441, 434], [441, 442], [477, 478], [477, 512], [478, 477], [478, 479], [540, 541], [540, 571], [541, 540], [541, 542], [546, 547], [546, 551], [598, 599], [598, 636], [602, 605], [602, 636], [606, 607], [606, 612], [607, 606], [607, 608], [614, 615], [614, 619], [623, 624], [623, 626], [687, 688], [687, 689], [689, 690], [689, 691], [691, 692], [691, 693], [693, 694], [693, 696], [702, 703], [702, 704], [704, 705], [704, 706], [706, 707], [706, 709], [716, 717], [716, 718], [718, 719], [718, 720], [720, 721], [720, 722], [722, 723], [722, 725], [731, 732], [731, 733], [733, 734], [733, 735], [735, 736], [735, 738]], "functions": {"SystemAnalyzer.__init__": {"executed_lines": [], "summary": {"covered_lines": 0, "num_statements": 1, "percent_covered": 0.0, "percent_covered_display": "0.00", "missing_lines": 1, "excluded_lines": 0, "num_branches": 0, "num_partial_branches": 0, "covered_branches": 0, "missing_branches": 0}, "missing_lines": [104], "excluded_lines": [], "executed_branches": [], "missing_branches": []}, "SystemAnalyzer.analyze_system": {"executed_lines": [], "summary": {"covered_lines": 0, "num_statements": 6, "percent_covered": 0.0, "percent_covered_display": "0.00", "missing_lines": 6, "excluded_lines": 0, "num_branches": 0, "num_partial_branches": 0, "covered_branches": 0, "missing_branches": 0}, "missing_lines": [130, 133, 136, 139, 142, 146], "excluded_lines": [], "executed_branches": [], "missing_branches": []}, "SystemAnalyzer.compute_ignition_statistics": {"executed_lines": [], "summary": {"covered_lines": 0, "num_statements": 13, "percent_covered": 0.0, "percent_covered_display": "0.00", "missing_lines": 13, "excluded_lines": 0, "num_branches": 6, "num_partial_branches": 0, "covered_branches": 0, "missing_branches": 6}, "missing_lines": [182, 184, 185, 196, 199, 200, 201, 206, 207, 208, 210, 214, 216], "excluded_lines": [], "executed_branches": [], "missing_branches": [[184, 185], [184, 196], [200, 201], [200, 206], [206, 207], [206, 210]]}, "SystemAnalyzer.compute_energy_budget_summary": {"executed_lines": [], "summary": {"covered_lines": 0, "num_statements": 18, "percent_covered": 0.0, "percent_covered_display": "0.00", "missing_lines": 18, "excluded_lines": 0, "num_branches": 4, "num_partial_branches": 0, "covered_branches": 0, "missing_branches": 4}, "missing_lines": [252, 253, 254, 256, 257, 267, 268, 269, 272, 273, 276, 277, 280, 283, 284, 285, 287, 289], "excluded_lines": [], "executed_branches": [], "missing_branches": [[256, 257], [256, 267], [283, 284], [283, 287]]}, "SystemAnalyzer.compute_somatic_marker_statistics": {"executed_lines": [], "summary": {"covered_lines": 0, "num_statements": 3, "percent_covered": 0.0, "percent_covered_display": "0.00", "missing_lines": 3, "excluded_lines": 0, "num_branches": 0, "num_partial_branches": 0, "covered_branches": 0, "missing_branches": 0}, "missing_lines": [321, 324, 326], "excluded_lines": [], "executed_branches": [], "missing_branches": []}, "SystemAnalyzer.compute_coherence_metrics": {"executed_lines": [], "summary": {"covered_lines": 0, "num_statements": 2, "percent_covered": 0.0, "percent_covered_display": "0.00", "missing_lines": 2, "excluded_lines": 0, "num_branches": 0, "num_partial_branches": 0, "covered_branches": 0, "missing_branches": 0}, "missing_lines": [360, 362], "excluded_lines": [], "executed_branches": [], "missing_branches": []}, "SystemAnalyzer.extract_temporal_dynamics": {"executed_lines": [], "summary": {"covered_lines": 0, "num_statements": 1, "percent_covered": 0.0, "percent_covered_display": "0.00", "missing_lines": 1, "excluded_lines": 0, "num_branches": 0, "num_partial_branches": 0, "covered_branches": 0, "missing_branches": 0}, "missing_lines": [394], "excluded_lines": [], "executed_branches": [], "missing_branches": []}, "SystemAnalyzer.compute_correlation_analysis": {"executed_lines": [], "summary": {"covered_lines": 0, "num_statements": 15, "percent_covered": 0.0, "percent_covered_display": "0.00", "missing_lines": 15, "excluded_lines": 0, "num_branches": 12, "num_partial_branches": 0, "covered_branches": 0, "missing_branches": 12}, "missing_lines": [424, 425, 426, 427, 429, 430, 432, 433, 434, 435, 436, 441, 442, 443, 449], "excluded_lines": [], "executed_branches": [], "missing_branches": [[425, 426], [425, 429], [426, 425], [426, 427], [432, 433], [432, 449], [434, 432], [434, 435], [435, 436], [435, 441], [441, 434], [441, 442]]}, "SystemAnalyzer.compute_frequency_analysis": {"executed_lines": [], "summary": {"covered_lines": 0, "num_statements": 16, "percent_covered": 0.0, "percent_covered_display": "0.00", "missing_lines": 16, "excluded_lines": 0, "num_branches": 4, "num_partial_branches": 0, "covered_branches": 0, "missing_branches": 4}, "missing_lines": [475, 477, 478, 479, 482, 483, 486, 487, 488, 491, 492, 493, 496, 497, 499, 512], "excluded_lines": [], "executed_branches": [], "missing_branches": [[477, 478], [477, 512], [478, 477], [478, 479]]}, "SystemAnalyzer.compute_stationarity_analysis": {"executed_lines": [], "summary": {"covered_lines": 0, "num_statements": 18, "percent_covered": 0.0, "percent_covered_display": "0.00", "missing_lines": 18, "excluded_lines": 0, "num_branches": 6, "num_partial_branches": 0, "covered_branches": 0, "missing_branches": 6}, "missing_lines": [538, 540, 541, 542, 545, 546, 547, 548, 551, 554, 555, 556, 557, 560, 561, 562, 564, 571], "excluded_lines": [], "executed_branches": [], "missing_branches": [[540, 541], [540, 571], [541, 540], [541, 542], [546, 547], [546, 551]]}, "SystemAnalyzer.compute_phase_space_analysis": {"executed_lines": [], "summary": {"covered_lines": 0, "num_statements": 23, "percent_covered": 0.0, "percent_covered_display": "0.00", "missing_lines": 23, "excluded_lines": 0, "num_branches": 12, "num_partial_branches": 0, "covered_branches": 0, "missing_branches": 12}, "missing_lines": [595, 598, 599, 600, 602, 605, 606, 607, 608, 609, 612, 613, 614, 615, 616, 619, 620, 621, 623, 624, 626, 628, 636], "excluded_lines": [], "executed_branches": [], "missing_branches": [[598, 599], [598, 636], [602, 605], [602, 636], [606, 607], [606, 612], [607, 606], [607, 608], [614, 615], [614, 619], [623, 624], [623, 626]]}, "SystemAnalyzer.generate_statistical_summary": {"executed_lines": [], "summary": {"covered_lines": 0, "num_statements": 2, "percent_covered": 0.0, "percent_covered_display": "0.00", "missing_lines": 2, "excluded_lines": 0, "num_branches": 0, "num_partial_branches": 0, "covered_branches": 0, "missing_branches": 0}, "missing_lines": [654, 681], "excluded_lines": [], "executed_branches": [], "missing_branches": []}, "SystemAnalyzer._interpret_ignition_stats": {"executed_lines": [], "summary": {"covered_lines": 0, "num_statements": 10, "percent_covered": 0.0, "percent_covered_display": "0.00", "missing_lines": 10, "excluded_lines": 0, "num_branches": 8, "num_partial_branches": 0, "covered_branches": 0, "missing_branches": 8}, "missing_lines": [685, 687, 688, 689, 690, 691, 692, 693, 694, 696], "excluded_lines": [], "executed_branches": [], "missing_branches": [[687, 688], [687, 689], [689, 690], [689, 691], [691, 692], [691, 693], [693, 694], [693, 696]]}, "SystemAnalyzer._interpret_energy_stats": {"executed_lines": [], "summary": {"covered_lines": 0, "num_statements": 8, "percent_covered": 0.0, "percent_covered_display": "0.00", "missing_lines": 8, "excluded_lines": 0, "num_branches": 6, "num_partial_branches": 0, "covered_branches": 0, "missing_branches": 6}, "missing_lines": [700, 702, 703, 704, 705, 706, 707, 709], "excluded_lines": [], "executed_branches": [], "missing_branches": [[702, 703], [702, 704], [704, 705], [704, 706], [706, 707], [706, 709]]}, "SystemAnalyzer._interpret_somatic_stats": {"executed_lines": [], "summary": {"covered_lines": 0, "num_statements": 11, "percent_covered": 0.0, "percent_covered_display": "0.00", "missing_lines": 11, "excluded_lines": 0, "num_branches": 8, "num_partial_branches": 0, "covered_branches": 0, "missing_branches": 8}, "missing_lines": [713, 714, 716, 717, 718, 719, 720, 721, 722, 723, 725], "excluded_lines": [], "executed_branches": [], "missing_branches": [[716, 717], [716, 718], [718, 719], [718, 720], [720, 721], [720, 722], [722, 723], [722, 725]]}, "SystemAnalyzer._interpret_coherence_stats": {"executed_lines": [], "summary": {"covered_lines": 0, "num_statements": 8, "percent_covered": 0.0, "percent_covered_display": "0.00", "missing_lines": 8, "excluded_lines": 0, "num_branches": 6, "num_partial_branches": 0, "covered_branches": 0, "missing_branches": 6}, "missing_lines": [729, 731, 732, 733, 734, 735, 736, 738], "excluded_lines": [], "executed_branches": [], "missing_branches": [[731, 732], [731, 733], [733, 734], [733, 735], [735, 736], [735, 738]]}, "analyze_simulation_run": {"executed_lines": [], "summary": {"covered_lines": 0, "num_statements": 2, "percent_covered": 0.0, "percent_covered_display": "0.00", "missing_lines": 2, "excluded_lines": 0, "num_branches": 0, "num_partial_branches": 0, "covered_branches": 0, "missing_branches": 0}, "missing_lines": [767, 768], "excluded_lines": [], "executed_branches": [], "missing_branches": []}, "": {"executed_lines": [], "summary": {"covered_lines": 0, "num_statements": 29, "percent_covered": 0.0, "percent_covered_display": "0.00", "missing_lines": 29, "excluded_lines": 0, "num_branches": 0, "num_partial_branches": 0, "covered_branches": 0, "missing_branches": 0}, "missing_lines": [8, 9, 10, 11, 14, 15, 67, 68, 69, 70, 71, 74, 96, 106, 154, 226, 298, 335, 368, 403, 451, 514, 573, 638, 683, 698, 711, 727, 741], "excluded_lines": [], "executed_branches": [], "missing_branches": []}}, "classes": {"AnalysisResults": {"executed_lines": [], "summary": {"covered_lines": 0, "num_statements": 0, "percent_covered": 100.0, "percent_covered_display": "100.00", "missing_lines": 0, "excluded_lines": 0, "num_branches": 0, "num_partial_branches": 0, "covered_branches": 0, "missing_branches": 0}, "missing_lines": [], "excluded_lines": [], "executed_branches": [], "missing_branches": []}, "SystemAnalyzer": {"executed_lines": [], "summary": {"covered_lines": 0, "num_statements": 155, "percent_covered": 0.0, "percent_covered_display": "0.00", "missing_lines": 155, "excluded_lines": 0, "num_branches": 72, "num_partial_branches": 0, "covered_branches": 0, "missing_branches": 72}, "missing_lines": [104, 130, 133, 136, 139, 142, 146, 182, 184, 185, 196, 199, 200, 201, 206, 207, 208, 210, 214, 216, 252, 253, 254, 256, 257, 267, 268, 269, 272, 273, 276, 277, 280, 283, 284, 285, 287, 289, 321, 324, 326, 360, 362, 394, 424, 425, 426, 427, 429, 430, 432, 433, 434, 435, 436, 441, 442, 443, 449, 475, 477, 478, 479, 482, 483, 486, 487, 488, 491, 492, 493, 496, 497, 499, 512, 538, 540, 541, 542, 545, 546, 547, 548, 551, 554, 555, 556, 557, 560, 561, 562, 564, 571, 595, 598, 599, 600, 602, 605, 606, 607, 608, 609, 612, 613, 614, 615, 616, 619, 620, 621, 623, 624, 626, 628, 636, 654, 681, 685, 687, 688, 689, 690, 691, 692, 693, 694, 696, 700, 702, 703, 704, 705, 706, 707, 709, 713, 714, 716, 717, 718, 719, 720, 721, 722, 723, 725, 729, 731, 732, 733, 734, 735, 736, 738], "excluded_lines": [], "executed_branches": [], "missing_branches": [[184, 185], [184, 196], [200, 201], [200, 206], [206, 207], [206, 210], [256, 257], [256, 267], [283, 284], [283, 287], [425, 426], [425, 429], [426, 425], [426, 427], [432, 433], [432, 449], [434, 432], [434, 435], [435, 436], [435, 441], [441, 434], [441, 442], [477, 478], [477, 512], [478, 477], [478, 479], [540, 541], [540, 571], [541, 540], [541, 542], [546, 547], [546, 551], [598, 599], [598, 636], [602, 605], [602, 636], [606, 607], [606, 612], [607, 606], [607, 608], [614, 615], [614, 619], [623, 624], [623, 626], [687, 688], [687, 689], [689, 690], [689, 691], [691, 692], [691, 693], [693, 694], [693, 696], [702, 703], [702, 704], [704, 705], [704, 706], [706, 707], [706, 709], [716, 717], [716, 718], [718, 719], [718, 720], [720, 721], [720, 722], [722, 723], [722, 725], [731, 732], [731, 733], [733, 734], [733, 735], [735, 736], [735, 738]]}, "": {"executed_lines": [], "summary": {"covered_lines": 0, "num_statements": 31, "percent_covered": 0.0, "percent_covered_display": "0.00", "missing_lines": 31, "excluded_lines": 0, "num_branches": 0, "num_partial_branches": 0, "covered_branches": 0, "missing_branches": 0}, "missing_lines": [8, 9, 10, 11, 14, 15, 67, 68, 69, 70, 71, 74, 96, 106, 154, 226, 298, 335, 368, 403, 451, 514, 573, 638, 683, 698, 711, 727, 741, 767, 768], "excluded_lines": [], "executed_branches": [], "missing_branches": []}}}, "apgi_system\\config_validator.py": {"executed_lines": [1, 9, 10, 13, 14, 16, 19, 20, 22, 25, 26, 43, 47, 237, 262, 314, 349, 379, 393, 407, 421, 434, 448, 455, 462, 506, 538, 556, 575, 593, 654, 720], "summary": {"covered_lines": 28, "num_statements": 205, "percent_covered": 9.003215434083602, "percent_covered_display": "9.00", "missing_lines": 177, "excluded_lines": 0, "num_branches": 106, "num_partial_branches": 0, "covered_branches": 0, "missing_branches": 106}, "missing_lines": [45, 49, 257, 258, 259, 260, 284, 287, 288, 289, 290, 294, 297, 298, 301, 304, 305, 306, 312, 318, 320, 321, 325, 327, 330, 331, 332, 333, 334, 335, 336, 337, 338, 341, 342, 345, 347, 353, 356, 357, 358, 359, 362, 363, 366, 367, 370, 371, 374, 375, 377, 383, 384, 385, 386, 387, 391, 397, 398, 399, 400, 401, 405, 411, 412, 413, 414, 415, 419, 425, 426, 427, 428, 429, 432, 438, 439, 440, 441, 442, 446, 450, 451, 452, 453, 457, 458, 459, 460, 486, 489, 490, 493, 494, 497, 498, 501, 502, 504, 508, 509, 510, 511, 515, 516, 517, 519, 520, 527, 528, 529, 530, 536, 540, 541, 542, 543, 544, 545, 547, 548, 554, 558, 559, 560, 561, 562, 563, 565, 566, 567, 573, 577, 578, 579, 580, 581, 582, 584, 585, 591, 607, 675, 678, 679, 680, 681, 682, 684, 685, 686, 691, 692, 699, 700, 701, 705, 706, 707, 709, 710, 711, 717, 738, 739, 741, 742, 743, 745, 746, 748, 749, 752, 753, 754, 755, 756], "excluded_lines": [], "executed_branches": [], "missing_branches": [[258, -237], [258, 259], [287, 288], [287, 304], [288, 289], [288, 297], [289, 290], [289, 297], [297, 287], [297, 298], [304, 305], [304, 312], [305, 304], [305, 306], [320, 321], [320, 327], [330, 331], [330, 347], [331, 332], [331, 341], [332, 333], [332, 341], [335, 336], [335, 337], [341, 330], [341, 342], [358, 359], [358, 362], [385, 386], [385, 391], [398, 399], [398, 405], [400, 401], [400, 405], [412, 413], [412, 419], [414, 415], [414, 419], [426, 427], [426, 432], [427, 428], [427, 432], [428, 427], [428, 429], [439, 440], [439, 446], [440, 441], [440, 446], [441, 442], [441, 446], [450, 451], [450, 453], [458, 459], [458, 460], [509, 510], [509, 536], [511, 515], [511, 536], [519, 520], [519, 527], [527, 528], [527, 536], [529, 530], [529, 536], [541, 542], [541, 554], [543, 544], [543, 554], [547, 548], [547, 554], [559, 560], [559, 573], [561, 562], [561, 573], [565, 566], [565, 573], [566, 567], [566, 573], [578, 579], [578, 591], [580, 581], [580, 591], [584, 585], [584, 591], [678, 679], [678, 699], [680, 681], [680, 699], [684, 685], [684, 699], [685, 686], [685, 691], [691, 692], [691, 699], [699, 700], [699, 717], [701, 705], [701, 717], [709, 710], [709, 717], [742, 743], [742, 745], [753, -720], [753, 754], [755, -720], [755, 756]], "functions": {"ConfigValidator.__init__": {"executed_lines": [], "summary": {"covered_lines": 0, "num_statements": 1, "percent_covered": 0.0, "percent_covered_display": "0.00", "missing_lines": 1, "excluded_lines": 0, "num_branches": 0, "num_partial_branches": 0, "covered_branches": 0, "missing_branches": 0}, "missing_lines": [45], "excluded_lines": [], "executed_branches": [], "missing_branches": []}, "ConfigValidator._define_schema": {"executed_lines": [], "summary": {"covered_lines": 0, "num_statements": 1, "percent_covered": 0.0, "percent_covered_display": "0.00", "missing_lines": 1, "excluded_lines": 0, "num_branches": 0, "num_partial_branches": 0, "covered_branches": 0, "missing_branches": 0}, "missing_lines": [49], "excluded_lines": [], "executed_branches": [], "missing_branches": []}, "ConfigValidator.validate": {"executed_lines": [], "summary": {"covered_lines": 0, "num_statements": 4, "percent_covered": 0.0, "percent_covered_display": "0.00", "missing_lines": 4, "excluded_lines": 0, "num_branches": 2, "num_partial_branches": 0, "covered_branches": 0, "missing_branches": 2}, "missing_lines": [257, 258, 259, 260], "excluded_lines": [], "executed_branches": [], "missing_branches": [[258, -237], [258, 259]]}, "ConfigValidator.validate_with_details": {"executed_lines": [], "summary": {"covered_lines": 0, "num_statements": 13, "percent_covered": 0.0, "percent_covered_display": "0.00", "missing_lines": 13, "excluded_lines": 0, "num_branches": 12, "num_partial_branches": 0, "covered_branches": 0, "missing_branches": 12}, "missing_lines": [284, 287, 288, 289, 290, 294, 297, 298, 301, 304, 305, 306, 312], "excluded_lines": [], "executed_branches": [], "missing_branches": [[287, 288], [287, 304], [288, 289], [288, 297], [289, 290], [289, 297], [297, 287], [297, 298], [304, 305], [304, 312], [305, 304], [305, 306]]}, "ConfigValidator._validate_section": {"executed_lines": [], "summary": {"covered_lines": 0, "num_statements": 18, "percent_covered": 0.0, "percent_covered_display": "0.00", "missing_lines": 18, "excluded_lines": 0, "num_branches": 12, "num_partial_branches": 0, "covered_branches": 0, "missing_branches": 12}, "missing_lines": [318, 320, 321, 325, 327, 330, 331, 332, 333, 334, 335, 336, 337, 338, 341, 342, 345, 347], "excluded_lines": [], "executed_branches": [], "missing_branches": [[320, 321], [320, 327], [330, 331], [330, 347], [331, 332], [331, 341], [332, 333], [332, 341], [335, 336], [335, 337], [341, 330], [341, 342]]}, "ConfigValidator._validate_field": {"executed_lines": [], "summary": {"covered_lines": 0, "num_statements": 14, "percent_covered": 0.0, "percent_covered_display": "0.00", "missing_lines": 14, "excluded_lines": 0, "num_branches": 2, "num_partial_branches": 0, "covered_branches": 0, "missing_branches": 2}, "missing_lines": [353, 356, 357, 358, 359, 362, 363, 366, 367, 370, 371, 374, 375, 377], "excluded_lines": [], "executed_branches": [], "missing_branches": [[358, 359], [358, 362]]}, "ConfigValidator._validate_field_type": {"executed_lines": [], "summary": {"covered_lines": 0, "num_statements": 6, "percent_covered": 0.0, "percent_covered_display": "0.00", "missing_lines": 6, "excluded_lines": 0, "num_branches": 2, "num_partial_branches": 0, "covered_branches": 0, "missing_branches": 2}, "missing_lines": [383, 384, 385, 386, 387, 391], "excluded_lines": [], "executed_branches": [], "missing_branches": [[385, 386], [385, 391]]}, "ConfigValidator._validate_field_range": {"executed_lines": [], "summary": {"covered_lines": 0, "num_statements": 6, "percent_covered": 0.0, "percent_covered_display": "0.00", "missing_lines": 6, "excluded_lines": 0, "num_branches": 4, "num_partial_branches": 0, "covered_branches": 0, "missing_branches": 4}, "missing_lines": [397, 398, 399, 400, 401, 405], "excluded_lines": [], "executed_branches": [], "missing_branches": [[398, 399], [398, 405], [400, 401], [400, 405]]}, "ConfigValidator._validate_field_length": {"executed_lines": [], "summary": {"covered_lines": 0, "num_statements": 6, "percent_covered": 0.0, "percent_covered_display": "0.00", "missing_lines": 6, "excluded_lines": 0, "num_branches": 4, "num_partial_branches": 0, "covered_branches": 0, "missing_branches": 4}, "missing_lines": [411, 412, 413, 414, 415, 419], "excluded_lines": [], "executed_branches": [], "missing_branches": [[412, 413], [412, 419], [414, 415], [414, 419]]}, "ConfigValidator._validate_list_elements": {"executed_lines": [], "summary": {"covered_lines": 0, "num_statements": 6, "percent_covered": 0.0, "percent_covered_display": "0.00", "missing_lines": 6, "excluded_lines": 0, "num_branches": 6, "num_partial_branches": 0, "covered_branches": 0, "missing_branches": 6}, "missing_lines": [425, 426, 427, 428, 429, 432], "excluded_lines": [], "executed_branches": [], "missing_branches": [[426, 427], [426, 432], [427, 428], [427, 432], [428, 427], [428, 429]]}, "ConfigValidator._validate_range_order": {"executed_lines": [], "summary": {"covered_lines": 0, "num_statements": 6, "percent_covered": 0.0, "percent_covered_display": "0.00", "missing_lines": 6, "excluded_lines": 0, "num_branches": 6, "num_partial_branches": 0, "covered_branches": 0, "missing_branches": 6}, "missing_lines": [438, 439, 440, 441, 442, 446], "excluded_lines": [], "executed_branches": [], "missing_branches": [[439, 440], [439, 446], [440, 441], [440, 446], [441, 442], [441, 446]]}, "ConfigValidator._get_type_name": {"executed_lines": [], "summary": {"covered_lines": 0, "num_statements": 4, "percent_covered": 0.0, "percent_covered_display": "0.00", "missing_lines": 4, "excluded_lines": 0, "num_branches": 2, "num_partial_branches": 0, "covered_branches": 0, "missing_branches": 2}, "missing_lines": [450, 451, 452, 453], "excluded_lines": [], "executed_branches": [], "missing_branches": [[450, 451], [450, 453]]}, "ConfigValidator._format_errors": {"executed_lines": [], "summary": {"covered_lines": 0, "num_statements": 4, "percent_covered": 0.0, "percent_covered_display": "0.00", "missing_lines": 4, "excluded_lines": 0, "num_branches": 2, "num_partial_branches": 0, "covered_branches": 0, "missing_branches": 2}, "missing_lines": [457, 458, 459, 460], "excluded_lines": [], "executed_branches": [], "missing_branches": [[458, 459], [458, 460]]}, "ConfigValidator.validate_parameter_ranges": {"executed_lines": [], "summary": {"covered_lines": 0, "num_statements": 10, "percent_covered": 0.0, "percent_covered_display": "0.00", "missing_lines": 10, "excluded_lines": 0, "num_branches": 0, "num_partial_branches": 0, "covered_branches": 0, "missing_branches": 0}, "missing_lines": [486, 489, 490, 493, 494, 497, 498, 501, 502, 504], "excluded_lines": [], "executed_branches": [], "missing_branches": []}, "ConfigValidator._validate_thermodynamic_consistency": {"executed_lines": [], "summary": {"covered_lines": 0, "num_statements": 14, "percent_covered": 0.0, "percent_covered_display": "0.00", "missing_lines": 14, "excluded_lines": 0, "num_branches": 10, "num_partial_branches": 0, "covered_branches": 0, "missing_branches": 10}, "missing_lines": [508, 509, 510, 511, 515, 516, 517, 519, 520, 527, 528, 529, 530, 536], "excluded_lines": [], "executed_branches": [], "missing_branches": [[509, 510], [509, 536], [511, 515], [511, 536], [519, 520], [519, 527], [527, 528], [527, 536], [529, 530], [529, 536]]}, "ConfigValidator._validate_ignition_consistency": {"executed_lines": [], "summary": {"covered_lines": 0, "num_statements": 9, "percent_covered": 0.0, "percent_covered_display": "0.00", "missing_lines": 9, "excluded_lines": 0, "num_branches": 6, "num_partial_branches": 0, "covered_branches": 0, "missing_branches": 6}, "missing_lines": [540, 541, 542, 543, 544, 545, 547, 548, 554], "excluded_lines": [], "executed_branches": [], "missing_branches": [[541, 542], [541, 554], [543, 544], [543, 554], [547, 548], [547, 554]]}, "ConfigValidator._validate_precision_consistency": {"executed_lines": [], "summary": {"covered_lines": 0, "num_statements": 10, "percent_covered": 0.0, "percent_covered_display": "0.00", "missing_lines": 10, "excluded_lines": 0, "num_branches": 8, "num_partial_branches": 0, "covered_branches": 0, "missing_branches": 8}, "missing_lines": [558, 559, 560, 561, 562, 563, 565, 566, 567, 573], "excluded_lines": [], "executed_branches": [], "missing_branches": [[559, 560], [559, 573], [561, 562], [561, 573], [565, 566], [565, 573], [566, 567], [566, 573]]}, "ConfigValidator._validate_hierarchy_consistency": {"executed_lines": [], "summary": {"covered_lines": 0, "num_statements": 9, "percent_covered": 0.0, "percent_covered_display": "0.00", "missing_lines": 9, "excluded_lines": 0, "num_branches": 6, "num_partial_branches": 0, "covered_branches": 0, "missing_branches": 6}, "missing_lines": [577, 578, 579, 580, 581, 582, 584, 585, 591], "excluded_lines": [], "executed_branches": [], "missing_branches": [[578, 579], [578, 591], [580, 581], [580, 591], [584, 585], [584, 591]]}, "ConfigValidator.get_common_mistakes_help": {"executed_lines": [], "summary": {"covered_lines": 0, "num_statements": 1, "percent_covered": 0.0, "percent_covered_display": "0.00", "missing_lines": 1, "excluded_lines": 0, "num_branches": 0, "num_partial_branches": 0, "covered_branches": 0, "missing_branches": 0}, "missing_lines": [607], "excluded_lines": [], "executed_branches": [], "missing_branches": []}, "ConfigValidator.suggest_fixes": {"executed_lines": [], "summary": {"covered_lines": 0, "num_statements": 21, "percent_covered": 0.0, "percent_covered_display": "0.00", "missing_lines": 21, "excluded_lines": 0, "num_branches": 16, "num_partial_branches": 0, "covered_branches": 0, "missing_branches": 16}, "missing_lines": [675, 678, 679, 680, 681, 682, 684, 685, 686, 691, 692, 699, 700, 701, 705, 706, 707, 709, 710, 711, 717], "excluded_lines": [], "executed_branches": [], "missing_branches": [[678, 679], [678, 699], [680, 681], [680, 699], [684, 685], [684, 699], [685, 686], [685, 691], [691, 692], [691, 699], [699, 700], [699, 717], [701, 705], [701, 717], [709, 710], [709, 717]]}, "validate_config_file": {"executed_lines": [], "summary": {"covered_lines": 0, "num_statements": 14, "percent_covered": 0.0, "percent_covered_display": "0.00", "missing_lines": 14, "excluded_lines": 0, "num_branches": 6, "num_partial_branches": 0, "covered_branches": 0, "missing_branches": 6}, "missing_lines": [738, 739, 741, 742, 743, 745, 746, 748, 749, 752, 753, 754, 755, 756], "excluded_lines": [], "executed_branches": [], "missing_branches": [[742, 743], [742, 745], [753, -720], [753, 754], [755, -720], [755, 756]]}, "": {"executed_lines": [1, 9, 10, 13, 14, 16, 19, 20, 22, 25, 26, 43, 47, 237, 262, 314, 349, 379, 393, 407, 421, 434, 448, 455, 462, 506, 538, 556, 575, 593, 654, 720], "summary": {"covered_lines": 28, "num_statements": 28, "percent_covered": 100.0, "percent_covered_display": "100.00", "missing_lines": 0, "excluded_lines": 0, "num_branches": 0, "num_partial_branches": 0, "covered_branches": 0, "missing_branches": 0}, "missing_lines": [], "excluded_lines": [], "executed_branches": [], "missing_branches": []}}, "classes": {"ConfigValidationError": {"executed_lines": [], "summary": {"covered_lines": 0, "num_statements": 0, "percent_covered": 100.0, "percent_covered_display": "100.00", "missing_lines": 0, "excluded_lines": 0, "num_branches": 0, "num_partial_branches": 0, "covered_branches": 0, "missing_branches": 0}, "missing_lines": [], "excluded_lines": [], "executed_branches": [], "missing_branches": []}, "ConfigValidationWarning": {"executed_lines": [], "summary": {"covered_lines": 0, "num_statements": 0, "percent_covered": 100.0, "percent_covered_display": "100.00", "missing_lines": 0, "excluded_lines": 0, "num_branches": 0, "num_partial_branches": 0, "covered_branches": 0, "missing_branches": 0}, "missing_lines": [], "excluded_lines": [], "executed_branches": [], "missing_branches": []}, "ConfigValidator": {"executed_lines": [], "summary": {"covered_lines": 0, "num_statements": 163, "percent_covered": 0.0, "percent_covered_display": "0.00", "missing_lines": 163, "excluded_lines": 0, "num_branches": 100, "num_partial_branches": 0, "covered_branches": 0, "missing_branches": 100}, "missing_lines": [45, 49, 257, 258, 259, 260, 284, 287, 288, 289, 290, 294, 297, 298, 301, 304, 305, 306, 312, 318, 320, 321, 325, 327, 330, 331, 332, 333, 334, 335, 336, 337, 338, 341, 342, 345, 347, 353, 356, 357, 358, 359, 362, 363, 366, 367, 370, 371, 374, 375, 377, 383, 384, 385, 386, 387, 391, 397, 398, 399, 400, 401, 405, 411, 412, 413, 414, 415, 419, 425, 426, 427, 428, 429, 432, 438, 439, 440, 441, 442, 446, 450, 451, 452, 453, 457, 458, 459, 460, 486, 489, 490, 493, 494, 497, 498, 501, 502, 504, 508, 509, 510, 511, 515, 516, 517, 519, 520, 527, 528, 529, 530, 536, 540, 541, 542, 543, 544, 545, 547, 548, 554, 558, 559, 560, 561, 562, 563, 565, 566, 567, 573, 577, 578, 579, 580, 581, 582, 584, 585, 591, 607, 675, 678, 679, 680, 681, 682, 684, 685, 686, 691, 692, 699, 700, 701, 705, 706, 707, 709, 710, 711, 717], "excluded_lines": [], "executed_branches": [], "missing_branches": [[258, -237], [258, 259], [287, 288], [287, 304], [288, 289], [288, 297], [289, 290], [289, 297], [297, 287], [297, 298], [304, 305], [304, 312], [305, 304], [305, 306], [320, 321], [320, 327], [330, 331], [330, 347], [331, 332], [331, 341], [332, 333], [332, 341], [335, 336], [335, 337], [341, 330], [341, 342], [358, 359], [358, 362], [385, 386], [385, 391], [398, 399], [398, 405], [400, 401], [400, 405], [412, 413], [412, 419], [414, 415], [414, 419], [426, 427], [426, 432], [427, 428], [427, 432], [428, 427], [428, 429], [439, 440], [439, 446], [440, 441], [440, 446], [441, 442], [441, 446], [450, 451], [450, 453], [458, 459], [458, 460], [509, 510], [509, 536], [511, 515], [511, 536], [519, 520], [519, 527], [527, 528], [527, 536], [529, 530], [529, 536], [541, 542], [541, 554], [543, 544], [543, 554], [547, 548], [547, 554], [559, 560], [559, 573], [561, 562], [561, 573], [565, 566], [565, 573], [566, 567], [566, 573], [578, 579], [578, 591], [580, 581], [580, 591], [584, 585], [584, 591], [678, 679], [678, 699], [680, 681], [680, 699], [684, 685], [684, 699], [685, 686], [685, 691], [691, 692], [691, 699], [699, 700], [699, 717], [701, 705], [701, 717], [709, 710], [709, 717]]}, "": {"executed_lines": [1, 9, 10, 13, 14, 16, 19, 20, 22, 25, 26, 43, 47, 237, 262, 314, 349, 379, 393, 407, 421, 434, 448, 455, 462, 506, 538, 556, 575, 593, 654, 720], "summary": {"covered_lines": 28, "num_statements": 42, "percent_covered": 58.333333333333336, "percent_covered_display": "58.33", "missing_lines": 14, "excluded_lines": 0, "num_branches": 6, "num_partial_branches": 0, "covered_branches": 0, "missing_branches": 6}, "missing_lines": [738, 739, 741, 742, 743, 745, 746, 748, 749, 752, 753, 754, 755, 756], "excluded_lines": [], "executed_branches": [], "missing_branches": [[742, 743], [742, 745], [753, -720], [753, 754], [755, -720], [755, 756]]}}}, "apgi_system\\constants.py": {"executed_lines": [1, 8, 11, 12, 13, 14, 17, 20, 29, 32, 41, 50, 53, 60, 68, 71, 74, 77, 80], "summary": {"covered_lines": 18, "num_statements": 18, "percent_covered": 100.0, "percent_covered_display": "100.00", "missing_lines": 0, "excluded_lines": 0, "num_branches": 0, "num_partial_branches": 0, "covered_branches": 0, "missing_branches": 0}, "missing_lines": [], "excluded_lines": [], "executed_branches": [], "missing_branches": [], "functions": {"": {"executed_lines": [1, 8, 11, 12, 13, 14, 17, 20, 29, 32, 41, 50, 53, 60, 68, 71, 74, 77, 80], "summary": {"covered_lines": 18, "num_statements": 18, "percent_covered": 100.0, "percent_covered_display": "100.00", "missing_lines": 0, "excluded_lines": 0, "num_branches": 0, "num_partial_branches": 0, "covered_branches": 0, "missing_branches": 0}, "missing_lines": [], "excluded_lines": [], "executed_branches": [], "missing_branches": []}}, "classes": {"": {"executed_lines": [1, 8, 11, 12, 13, 14, 17, 20, 29, 32, 41, 50, 53, 60, 68, 71, 74, 77, 80], "summary": {"covered_lines": 18, "num_statements": 18, "percent_covered": 100.0, "percent_covered_display": "100.00", "missing_lines": 0, "excluded_lines": 0, "num_branches": 0, "num_partial_branches": 0, "covered_branches": 0, "missing_branches": 0}, "missing_lines": [], "excluded_lines": [], "executed_branches": [], "missing_branches": []}}}, "apgi_system\\core\\__init__.py": {"executed_lines": [1, 3, 4, 5, 6, 8], "summary": {"covered_lines": 5, "num_statements": 5, "percent_covered": 100.0, "percent_covered_display": "100.00", "missing_lines": 0, "excluded_lines": 0, "num_branches": 0, "num_partial_branches": 0, "covered_branches": 0, "missing_branches": 0}, "missing_lines": [], "excluded_lines": [], "executed_branches": [], "missing_branches": [], "functions": {"": {"executed_lines": [1, 3, 4, 5, 6, 8], "summary": {"covered_lines": 5, "num_statements": 5, "percent_covered": 100.0, "percent_covered_display": "100.00", "missing_lines": 0, "excluded_lines": 0, "num_branches": 0, "num_partial_branches": 0, "covered_branches": 0, "missing_branches": 0}, "missing_lines": [], "excluded_lines": [], "executed_branches": [], "missing_branches": []}}, "classes": {"": {"executed_lines": [1, 3, 4, 5, 6, 8], "summary": {"covered_lines": 5, "num_statements": 5, "percent_covered": 100.0, "percent_covered_display": "100.00", "missing_lines": 0, "excluded_lines": 0, "num_branches": 0, "num_partial_branches": 0, "covered_branches": 0, "missing_branches": 0}, "missing_lines": [], "excluded_lines": [], "executed_branches": [], "missing_branches": []}}}, "apgi_system\\core\\active_inference.py": {"executed_lines": [1, 8, 9, 10, 11, 12, 14, 15, 16, 19, 20, 21, 23, 24, 25, 26, 27, 30, 31, 74, 138, 204, 234, 318, 349, 374, 427, 465, 522, 558, 559, 608, 674, 746, 832, 879], "summary": {"covered_lines": 32, "num_statements": 212, "percent_covered": 12.030075187969924, "percent_covered_display": "12.03", "missing_lines": 180, "excluded_lines": 0, "num_branches": 54, "num_partial_branches": 0, "covered_branches": 0, "missing_branches": 54}, "missing_lines": [107, 108, 109, 110, 113, 114, 115, 126, 129, 130, 133, 134, 135, 136, 184, 188, 191, 194, 197, 200, 202, 225, 228, 230, 232, 256, 258, 260, 261, 264, 265, 266, 268, 269, 271, 273, 276, 278, 279, 280, 282, 283, 285, 287, 290, 291, 297, 298, 299, 303, 304, 309, 313, 316, 334, 336, 339, 340, 345, 368, 369, 372, 388, 390, 392, 394, 395, 396, 400, 402, 407, 409, 413, 414, 417, 418, 421, 422, 423, 425, 439, 440, 443, 446, 447, 450, 451, 454, 455, 457, 458, 459, 461, 463, 476, 478, 480, 481, 484, 487, 488, 491, 492, 495, 496, 503, 504, 507, 508, 510, 511, 512, 514, 517, 518, 520, 544, 547, 548, 551, 552, 553, 555, 645, 648, 649, 650, 652, 653, 656, 664, 667, 668, 671, 672, 722, 725, 726, 728, 729, 732, 735, 744, 783, 784, 785, 787, 789, 791, 794, 797, 802, 803, 805, 806, 811, 813, 816, 825, 826, 827, 828, 830, 863, 864, 866, 867, 869, 872, 873, 874, 875, 877, 891, 892, 893, 894, 895, 896, 898], "excluded_lines": [], "executed_branches": [], "missing_branches": [[114, 115], [114, 126], [228, -204], [228, 230], [256, -234], [256, 258], [258, 260], [258, 264], [268, 269], [268, 271], [276, 278], [276, 290], [282, 283], [282, 285], [298, 299], [298, 303], [303, 304], [303, 309], [334, -318], [334, 336], [368, 369], [368, 372], [392, 394], [392, 400], [400, 402], [400, 407], [421, 422], [421, 425], [450, 451], [450, 454], [476, 478], [476, 480], [495, 496], [495, 503], [503, 504], [503, 507], [551, 552], [551, 555], [725, 726], [725, 728], [787, 789], [787, 830], [802, 803], [802, 805], [805, 806], [805, 813], [825, 787], [825, 826], [863, 864], [863, 866], [869, 872], [869, 877], [891, 892], [891, 898]], "functions": {"HierarchicalGaussianFilter.__init__": {"executed_lines": [], "summary": {"covered_lines": 0, "num_statements": 14, "percent_covered": 0.0, "percent_covered_display": "0.00", "missing_lines": 14, "excluded_lines": 0, "num_branches": 2, "num_partial_branches": 0, "covered_branches": 0, "missing_branches": 2}, "missing_lines": [107, 108, 109, 110, 113, 114, 115, 126, 129, 130, 133, 134, 135, 136], "excluded_lines": [], "executed_branches": [], "missing_branches": [[114, 115], [114, 126]]}, "HierarchicalGaussianFilter.update": {"executed_lines": [], "summary": {"covered_lines": 0, "num_statements": 7, "percent_covered": 0.0, "percent_covered_display": "0.00", "missing_lines": 7, "excluded_lines": 0, "num_branches": 0, "num_partial_branches": 0, "covered_branches": 0, "missing_branches": 0}, "missing_lines": [184, 188, 191, 194, 197, 200, 202], "excluded_lines": [], "executed_branches": [], "missing_branches": []}, "HierarchicalGaussianFilter._bottom_up_pass": {"executed_lines": [], "summary": {"covered_lines": 0, "num_statements": 4, "percent_covered": 0.0, "percent_covered_display": "0.00", "missing_lines": 4, "excluded_lines": 0, "num_branches": 2, "num_partial_branches": 0, "covered_branches": 0, "missing_branches": 2}, "missing_lines": [225, 228, 230, 232], "excluded_lines": [], "executed_branches": [], "missing_branches": [[228, -204], [228, 230]]}, "HierarchicalGaussianFilter._top_down_pass": {"executed_lines": [], "summary": {"covered_lines": 0, "num_statements": 29, "percent_covered": 0.0, "percent_covered_display": "0.00", "missing_lines": 29, "excluded_lines": 0, "num_branches": 14, "num_partial_branches": 0, "covered_branches": 0, "missing_branches": 14}, "missing_lines": [256, 258, 260, 261, 264, 265, 266, 268, 269, 271, 273, 276, 278, 279, 280, 282, 283, 285, 287, 290, 291, 297, 298, 299, 303, 304, 309, 313, 316], "excluded_lines": [], "executed_branches": [], "missing_branches": [[256, -234], [256, 258], [258, 260], [258, 264], [268, 269], [268, 271], [276, 278], [276, 290], [282, 283], [282, 285], [298, 299], [298, 303], [303, 304], [303, 309]]}, "HierarchicalGaussianFilter._update_precisions": {"executed_lines": [], "summary": {"covered_lines": 0, "num_statements": 5, "percent_covered": 0.0, "percent_covered_display": "0.00", "missing_lines": 5, "excluded_lines": 0, "num_branches": 2, "num_partial_branches": 0, "covered_branches": 0, "missing_branches": 2}, "missing_lines": [334, 336, 339, 340, 345], "excluded_lines": [], "executed_branches": [], "missing_branches": [[334, -318], [334, 336]]}, "HierarchicalGaussianFilter._generate_prediction": {"executed_lines": [], "summary": {"covered_lines": 0, "num_statements": 3, "percent_covered": 0.0, "percent_covered_display": "0.00", "missing_lines": 3, "excluded_lines": 0, "num_branches": 2, "num_partial_branches": 0, "covered_branches": 0, "missing_branches": 2}, "missing_lines": [368, 369, 372], "excluded_lines": [], "executed_branches": [], "missing_branches": [[368, 369], [368, 372]]}, "HierarchicalGaussianFilter._get_projection_matrix": {"executed_lines": [], "summary": {"covered_lines": 0, "num_statements": 18, "percent_covered": 0.0, "percent_covered_display": "0.00", "missing_lines": 18, "excluded_lines": 0, "num_branches": 6, "num_partial_branches": 0, "covered_branches": 0, "missing_branches": 6}, "missing_lines": [388, 390, 392, 394, 395, 396, 400, 402, 407, 409, 413, 414, 417, 418, 421, 422, 423, 425], "excluded_lines": [], "executed_branches": [], "missing_branches": [[392, 394], [392, 400], [400, 402], [400, 407], [421, 422], [421, 425]]}, "HierarchicalGaussianFilter._map_down": {"executed_lines": [], "summary": {"covered_lines": 0, "num_statements": 14, "percent_covered": 0.0, "percent_covered_display": "0.00", "missing_lines": 14, "excluded_lines": 0, "num_branches": 2, "num_partial_branches": 0, "covered_branches": 0, "missing_branches": 2}, "missing_lines": [439, 440, 443, 446, 447, 450, 451, 454, 455, 457, 458, 459, 461, 463], "excluded_lines": [], "executed_branches": [], "missing_branches": [[450, 451], [450, 454]]}, "HierarchicalGaussianFilter._project_up": {"executed_lines": [], "summary": {"covered_lines": 0, "num_statements": 22, "percent_covered": 0.0, "percent_covered_display": "0.00", "missing_lines": 22, "excluded_lines": 0, "num_branches": 6, "num_partial_branches": 0, "covered_branches": 0, "missing_branches": 6}, "missing_lines": [476, 478, 480, 481, 484, 487, 488, 491, 492, 495, 496, 503, 504, 507, 508, 510, 511, 512, 514, 517, 518, 520], "excluded_lines": [], "executed_branches": [], "missing_branches": [[476, 478], [476, 480], [495, 496], [495, 503], [503, 504], [503, 507]]}, "HierarchicalGaussianFilter._compute_total_free_energy": {"executed_lines": [], "summary": {"covered_lines": 0, "num_statements": 7, "percent_covered": 0.0, "percent_covered_display": "0.00", "missing_lines": 7, "excluded_lines": 0, "num_branches": 2, "num_partial_branches": 0, "covered_branches": 0, "missing_branches": 2}, "missing_lines": [544, 547, 548, 551, 552, 553, 555], "excluded_lines": [], "executed_branches": [], "missing_branches": [[551, 552], [551, 555]]}, "ActiveInferenceEngine.__init__": {"executed_lines": [], "summary": {"covered_lines": 0, "num_statements": 12, "percent_covered": 0.0, "percent_covered_display": "0.00", "missing_lines": 12, "excluded_lines": 0, "num_branches": 0, "num_partial_branches": 0, "covered_branches": 0, "missing_branches": 0}, "missing_lines": [645, 648, 649, 650, 652, 653, 656, 664, 667, 668, 671, 672], "excluded_lines": [], "executed_branches": [], "missing_branches": []}, "ActiveInferenceEngine.step": {"executed_lines": [], "summary": {"covered_lines": 0, "num_statements": 8, "percent_covered": 0.0, "percent_covered_display": "0.00", "missing_lines": 8, "excluded_lines": 0, "num_branches": 2, "num_partial_branches": 0, "covered_branches": 0, "missing_branches": 2}, "missing_lines": [722, 725, 726, 728, 729, 732, 735, 744], "excluded_lines": [], "executed_branches": [], "missing_branches": [[725, 726], [725, 728]]}, "ActiveInferenceEngine._select_action": {"executed_lines": [], "summary": {"covered_lines": 0, "num_statements": 20, "percent_covered": 0.0, "percent_covered_display": "0.00", "missing_lines": 20, "excluded_lines": 0, "num_branches": 8, "num_partial_branches": 0, "covered_branches": 0, "missing_branches": 8}, "missing_lines": [783, 784, 785, 787, 789, 791, 794, 797, 802, 803, 805, 806, 811, 813, 816, 825, 826, 827, 828, 830], "excluded_lines": [], "executed_branches": [], "missing_branches": [[787, 789], [787, 830], [802, 803], [802, 805], [805, 806], [805, 813], [825, 787], [825, 826]]}, "ActiveInferenceEngine._simulate_future": {"executed_lines": [], "summary": {"covered_lines": 0, "num_statements": 10, "percent_covered": 0.0, "percent_covered_display": "0.00", "missing_lines": 10, "excluded_lines": 0, "num_branches": 4, "num_partial_branches": 0, "covered_branches": 0, "missing_branches": 4}, "missing_lines": [863, 864, 866, 867, 869, 872, 873, 874, 875, 877], "excluded_lines": [], "executed_branches": [], "missing_branches": [[863, 864], [863, 866], [869, 872], [869, 877]]}, "ActiveInferenceEngine.reset": {"executed_lines": [], "summary": {"covered_lines": 0, "num_statements": 7, "percent_covered": 0.0, "percent_covered_display": "0.00", "missing_lines": 7, "excluded_lines": 0, "num_branches": 2, "num_partial_branches": 0, "covered_branches": 0, "missing_branches": 2}, "missing_lines": [891, 892, 893, 894, 895, 896, 898], "excluded_lines": [], "executed_branches": [], "missing_branches": [[891, 892], [891, 898]]}, "": {"executed_lines": [1, 8, 9, 10, 11, 12, 14, 15, 16, 19, 20, 21, 23, 24, 25, 26, 27, 30, 31, 74, 138, 204, 234, 318, 349, 374, 427, 465, 522, 558, 559, 608, 674, 746, 832, 879], "summary": {"covered_lines": 32, "num_statements": 32, "percent_covered": 100.0, "percent_covered_display": "100.00", "missing_lines": 0, "excluded_lines": 0, "num_branches": 0, "num_partial_branches": 0, "covered_branches": 0, "missing_branches": 0}, "missing_lines": [], "excluded_lines": [], "executed_branches": [], "missing_branches": []}}, "classes": {"BeliefState": {"executed_lines": [], "summary": {"covered_lines": 0, "num_statements": 0, "percent_covered": 100.0, "percent_covered_display": "100.00", "missing_lines": 0, "excluded_lines": 0, "num_branches": 0, "num_partial_branches": 0, "covered_branches": 0, "missing_branches": 0}, "missing_lines": [], "excluded_lines": [], "executed_branches": [], "missing_branches": []}, "HierarchicalGaussianFilter": {"executed_lines": [], "summary": {"covered_lines": 0, "num_statements": 123, "percent_covered": 0.0, "percent_covered_display": "0.00", "missing_lines": 123, "excluded_lines": 0, "num_branches": 38, "num_partial_branches": 0, "covered_branches": 0, "missing_branches": 38}, "missing_lines": [107, 108, 109, 110, 113, 114, 115, 126, 129, 130, 133, 134, 135, 136, 184, 188, 191, 194, 197, 200, 202, 225, 228, 230, 232, 256, 258, 260, 261, 264, 265, 266, 268, 269, 271, 273, 276, 278, 279, 280, 282, 283, 285, 287, 290, 291, 297, 298, 299, 303, 304, 309, 313, 316, 334, 336, 339, 340, 345, 368, 369, 372, 388, 390, 392, 394, 395, 396, 400, 402, 407, 409, 413, 414, 417, 418, 421, 422, 423, 425, 439, 440, 443, 446, 447, 450, 451, 454, 455, 457, 458, 459, 461, 463, 476, 478, 480, 481, 484, 487, 488, 491, 492, 495, 496, 503, 504, 507, 508, 510, 511, 512, 514, 517, 518, 520, 544, 547, 548, 551, 552, 553, 555], "excluded_lines": [], "executed_branches": [], "missing_branches": [[114, 115], [114, 126], [228, -204], [228, 230], [256, -234], [256, 258], [258, 260], [258, 264], [268, 269], [268, 271], [276, 278], [276, 290], [282, 283], [282, 285], [298, 299], [298, 303], [303, 304], [303, 309], [334, -318], [334, 336], [368, 369], [368, 372], [392, 394], [392, 400], [400, 402], [400, 407], [421, 422], [421, 425], [450, 451], [450, 454], [476, 478], [476, 480], [495, 496], [495, 503], [503, 504], [503, 507], [551, 552], [551, 555]]}, "ActiveInferenceEngine": {"executed_lines": [], "summary": {"covered_lines": 0, "num_statements": 57, "percent_covered": 0.0, "percent_covered_display": "0.00", "missing_lines": 57, "excluded_lines": 0, "num_branches": 16, "num_partial_branches": 0, "covered_branches": 0, "missing_branches": 16}, "missing_lines": [645, 648, 649, 650, 652, 653, 656, 664, 667, 668, 671, 672, 722, 725, 726, 728, 729, 732, 735, 744, 783, 784, 785, 787, 789, 791, 794, 797, 802, 803, 805, 806, 811, 813, 816, 825, 826, 827, 828, 830, 863, 864, 866, 867, 869, 872, 873, 874, 875, 877, 891, 892, 893, 894, 895, 896, 898], "excluded_lines": [], "executed_branches": [], "missing_branches": [[725, 726], [725, 728], [787, 789], [787, 830], [802, 803], [802, 805], [805, 806], [805, 813], [825, 787], [825, 826], [863, 864], [863, 866], [869, 872], [869, 877], [891, 892], [891, 898]]}, "": {"executed_lines": [1, 8, 9, 10, 11, 12, 14, 15, 16, 19, 20, 21, 23, 24, 25, 26, 27, 30, 31, 74, 138, 204, 234, 318, 349, 374, 427, 465, 522, 558, 559, 608, 674, 746, 832, 879], "summary": {"covered_lines": 32, "num_statements": 32, "percent_covered": 100.0, "percent_covered_display": "100.00", "missing_lines": 0, "excluded_lines": 0, "num_branches": 0, "num_partial_branches": 0, "covered_branches": 0, "missing_branches": 0}, "missing_lines": [], "excluded_lines": [], "executed_branches": [], "missing_branches": []}}}, "apgi_system\\core\\free_energy.py": {"executed_lines": [1, 8, 9, 10, 11, 13, 14, 15, 18, 19, 80, 102, 267, 367, 465, 541, 585, 626, 654, 685, 719, 762, 802, 826, 858, 890], "summary": {"covered_lines": 24, "num_statements": 146, "percent_covered": 13.48314606741573, "percent_covered_display": "13.48", "missing_lines": 122, "excluded_lines": 0, "num_branches": 32, "num_partial_branches": 0, "covered_branches": 0, "missing_branches": 32}, "missing_lines": [94, 95, 96, 99, 100, 185, 186, 189, 190, 196, 197, 199, 200, 202, 203, 206, 207, 208, 209, 212, 213, 219, 222, 224, 225, 228, 229, 231, 232, 235, 236, 239, 241, 244, 247, 252, 254, 257, 259, 265, 339, 340, 342, 345, 349, 350, 351, 353, 354, 356, 358, 365, 420, 423, 424, 425, 426, 429, 430, 433, 435, 438, 439, 441, 442, 444, 448, 450, 451, 453, 455, 457, 459, 515, 517, 518, 519, 520, 522, 525, 528, 531, 533, 581, 582, 583, 608, 610, 611, 612, 613, 614, 615, 617, 618, 623, 624, 652, 680, 681, 682, 683, 708, 709, 710, 711, 712, 713, 714, 715, 756, 757, 796, 797, 822, 823, 854, 855, 886, 887, 915, 916], "excluded_lines": [], "executed_branches": [], "missing_branches": [[189, 190], [189, 196], [196, 197], [196, 199], [202, 203], [202, 206], [212, 213], [212, 219], [222, 224], [222, 228], [229, 231], [229, 235], [342, 345], [342, 356], [423, 424], [423, 425], [425, 426], [425, 429], [439, 441], [439, 444], [517, 518], [517, 519], [519, 520], [519, 522], [610, 611], [610, 613], [613, 614], [613, 617], [681, 682], [681, 683], [709, 710], [709, 715]], "functions": {"FreeEnergyCalculator.__init__": {"executed_lines": [], "summary": {"covered_lines": 0, "num_statements": 5, "percent_covered": 0.0, "percent_covered_display": "0.00", "missing_lines": 5, "excluded_lines": 0, "num_branches": 0, "num_partial_branches": 0, "covered_branches": 0, "missing_branches": 0}, "missing_lines": [94, 95, 96, 99, 100], "excluded_lines": [], "executed_branches": [], "missing_branches": []}, "FreeEnergyCalculator.compute_variational_free_energy": {"executed_lines": [], "summary": {"covered_lines": 0, "num_statements": 35, "percent_covered": 0.0, "percent_covered_display": "0.00", "missing_lines": 35, "excluded_lines": 0, "num_branches": 12, "num_partial_branches": 0, "covered_branches": 0, "missing_branches": 12}, "missing_lines": [185, 186, 189, 190, 196, 197, 199, 200, 202, 203, 206, 207, 208, 209, 212, 213, 219, 222, 224, 225, 228, 229, 231, 232, 235, 236, 239, 241, 244, 247, 252, 254, 257, 259, 265], "excluded_lines": [], "executed_branches": [], "missing_branches": [[189, 190], [189, 196], [196, 197], [196, 199], [202, 203], [202, 206], [212, 213], [212, 219], [222, 224], [222, 228], [229, 231], [229, 235]]}, "FreeEnergyCalculator.compute_expected_free_energy": {"executed_lines": [], "summary": {"covered_lines": 0, "num_statements": 12, "percent_covered": 0.0, "percent_covered_display": "0.00", "missing_lines": 12, "excluded_lines": 0, "num_branches": 2, "num_partial_branches": 0, "covered_branches": 0, "missing_branches": 2}, "missing_lines": [339, 340, 342, 345, 349, 350, 351, 353, 354, 356, 358, 365], "excluded_lines": [], "executed_branches": [], "missing_branches": [[342, 345], [342, 356]]}, "FreeEnergyCalculator._kl_divergence_gaussian": {"executed_lines": [], "summary": {"covered_lines": 0, "num_statements": 21, "percent_covered": 0.0, "percent_covered_display": "0.00", "missing_lines": 21, "excluded_lines": 0, "num_branches": 6, "num_partial_branches": 0, "covered_branches": 0, "missing_branches": 6}, "missing_lines": [420, 423, 424, 425, 426, 429, 430, 433, 435, 438, 439, 441, 442, 444, 448, 450, 451, 453, 455, 457, 459], "excluded_lines": [], "executed_branches": [], "missing_branches": [[423, 424], [423, 425], [425, 426], [425, 429], [439, 441], [439, 444]]}, "FreeEnergyCalculator.compute_prediction_error": {"executed_lines": [], "summary": {"covered_lines": 0, "num_statements": 10, "percent_covered": 0.0, "percent_covered_display": "0.00", "missing_lines": 10, "excluded_lines": 0, "num_branches": 4, "num_partial_branches": 0, "covered_branches": 0, "missing_branches": 4}, "missing_lines": [515, 517, 518, 519, 520, 522, 525, 528, 531, 533], "excluded_lines": [], "executed_branches": [], "missing_branches": [[517, 518], [517, 519], [519, 520], [519, 522]]}, "FreeEnergyCalculator.compute_surprise": {"executed_lines": [], "summary": {"covered_lines": 0, "num_statements": 3, "percent_covered": 0.0, "percent_covered_display": "0.00", "missing_lines": 3, "excluded_lines": 0, "num_branches": 0, "num_partial_branches": 0, "covered_branches": 0, "missing_branches": 0}, "missing_lines": [581, 582, 583], "excluded_lines": [], "executed_branches": [], "missing_branches": []}, "FreeEnergyCalculator.compute_accuracy": {"executed_lines": [], "summary": {"covered_lines": 0, "num_statements": 11, "percent_covered": 0.0, "percent_covered_display": "0.00", "missing_lines": 11, "excluded_lines": 0, "num_branches": 4, "num_partial_branches": 0, "covered_branches": 0, "missing_branches": 4}, "missing_lines": [608, 610, 611, 612, 613, 614, 615, 617, 618, 623, 624], "excluded_lines": [], "executed_branches": [], "missing_branches": [[610, 611], [610, 613], [613, 614], [613, 617]]}, "FreeEnergyCalculator.compute_complexity": {"executed_lines": [], "summary": {"covered_lines": 0, "num_statements": 1, "percent_covered": 0.0, "percent_covered_display": "0.00", "missing_lines": 1, "excluded_lines": 0, "num_branches": 0, "num_partial_branches": 0, "covered_branches": 0, "missing_branches": 0}, "missing_lines": [652], "excluded_lines": [], "executed_branches": [], "missing_branches": []}, "FreeEnergyCalculator.compute_epistemic_value": {"executed_lines": [], "summary": {"covered_lines": 0, "num_statements": 4, "percent_covered": 0.0, "percent_covered_display": "0.00", "missing_lines": 4, "excluded_lines": 0, "num_branches": 2, "num_partial_branches": 0, "covered_branches": 0, "missing_branches": 2}, "missing_lines": [680, 681, 682, 683], "excluded_lines": [], "executed_branches": [], "missing_branches": [[681, 682], [681, 683]]}, "FreeEnergyCalculator.compute_pragmatic_value": {"executed_lines": [], "summary": {"covered_lines": 0, "num_statements": 8, "percent_covered": 0.0, "percent_covered_display": "0.00", "missing_lines": 8, "excluded_lines": 0, "num_branches": 2, "num_partial_branches": 0, "covered_branches": 0, "missing_branches": 2}, "missing_lines": [708, 709, 710, 711, 712, 713, 714, 715], "excluded_lines": [], "executed_branches": [], "missing_branches": [[709, 710], [709, 715]]}, "compute_variational_free_energy": {"executed_lines": [], "summary": {"covered_lines": 0, "num_statements": 2, "percent_covered": 0.0, "percent_covered_display": "0.00", "missing_lines": 2, "excluded_lines": 0, "num_branches": 0, "num_partial_branches": 0, "covered_branches": 0, "missing_branches": 0}, "missing_lines": [756, 757], "excluded_lines": [], "executed_branches": [], "missing_branches": []}, "compute_expected_free_energy": {"executed_lines": [], "summary": {"covered_lines": 0, "num_statements": 2, "percent_covered": 0.0, "percent_covered_display": "0.00", "missing_lines": 2, "excluded_lines": 0, "num_branches": 0, "num_partial_branches": 0, "covered_branches": 0, "missing_branches": 0}, "missing_lines": [796, 797], "excluded_lines": [], "executed_branches": [], "missing_branches": []}, "compute_accuracy": {"executed_lines": [], "summary": {"covered_lines": 0, "num_statements": 2, "percent_covered": 0.0, "percent_covered_display": "0.00", "missing_lines": 2, "excluded_lines": 0, "num_branches": 0, "num_partial_branches": 0, "covered_branches": 0, "missing_branches": 0}, "missing_lines": [822, 823], "excluded_lines": [], "executed_branches": [], "missing_branches": []}, "compute_complexity": {"executed_lines": [], "summary": {"covered_lines": 0, "num_statements": 2, "percent_covered": 0.0, "percent_covered_display": "0.00", "missing_lines": 2, "excluded_lines": 0, "num_branches": 0, "num_partial_branches": 0, "covered_branches": 0, "missing_branches": 0}, "missing_lines": [854, 855], "excluded_lines": [], "executed_branches": [], "missing_branches": []}, "compute_epistemic_value": {"executed_lines": [], "summary": {"covered_lines": 0, "num_statements": 2, "percent_covered": 0.0, "percent_covered_display": "0.00", "missing_lines": 2, "excluded_lines": 0, "num_branches": 0, "num_partial_branches": 0, "covered_branches": 0, "missing_branches": 0}, "missing_lines": [886, 887], "excluded_lines": [], "executed_branches": [], "missing_branches": []}, "compute_pragmatic_value": {"executed_lines": [], "summary": {"covered_lines": 0, "num_statements": 2, "percent_covered": 0.0, "percent_covered_display": "0.00", "missing_lines": 2, "excluded_lines": 0, "num_branches": 0, "num_partial_branches": 0, "covered_branches": 0, "missing_branches": 0}, "missing_lines": [915, 916], "excluded_lines": [], "executed_branches": [], "missing_branches": []}, "": {"executed_lines": [1, 8, 9, 10, 11, 13, 14, 15, 18, 19, 80, 102, 267, 367, 465, 541, 585, 626, 654, 685, 719, 762, 802, 826, 858, 890], "summary": {"covered_lines": 24, "num_statements": 24, "percent_covered": 100.0, "percent_covered_display": "100.00", "missing_lines": 0, "excluded_lines": 0, "num_branches": 0, "num_partial_branches": 0, "covered_branches": 0, "missing_branches": 0}, "missing_lines": [], "excluded_lines": [], "executed_branches": [], "missing_branches": []}}, "classes": {"FreeEnergyCalculator": {"executed_lines": [], "summary": {"covered_lines": 0, "num_statements": 110, "percent_covered": 0.0, "percent_covered_display": "0.00", "missing_lines": 110, "excluded_lines": 0, "num_branches": 32, "num_partial_branches": 0, "covered_branches": 0, "missing_branches": 32}, "missing_lines": [94, 95, 96, 99, 100, 185, 186, 189, 190, 196, 197, 199, 200, 202, 203, 206, 207, 208, 209, 212, 213, 219, 222, 224, 225, 228, 229, 231, 232, 235, 236, 239, 241, 244, 247, 252, 254, 257, 259, 265, 339, 340, 342, 345, 349, 350, 351, 353, 354, 356, 358, 365, 420, 423, 424, 425, 426, 429, 430, 433, 435, 438, 439, 441, 442, 444, 448, 450, 451, 453, 455, 457, 459, 515, 517, 518, 519, 520, 522, 525, 528, 531, 533, 581, 582, 583, 608, 610, 611, 612, 613, 614, 615, 617, 618, 623, 624, 652, 680, 681, 682, 683, 708, 709, 710, 711, 712, 713, 714, 715], "excluded_lines": [], "executed_branches": [], "missing_branches": [[189, 190], [189, 196], [196, 197], [196, 199], [202, 203], [202, 206], [212, 213], [212, 219], [222, 224], [222, 228], [229, 231], [229, 235], [342, 345], [342, 356], [423, 424], [423, 425], [425, 426], [425, 429], [439, 441], [439, 444], [517, 518], [517, 519], [519, 520], [519, 522], [610, 611], [610, 613], [613, 614], [613, 617], [681, 682], [681, 683], [709, 710], [709, 715]]}, "": {"executed_lines": [1, 8, 9, 10, 11, 13, 14, 15, 18, 19, 80, 102, 267, 367, 465, 541, 585, 626, 654, 685, 719, 762, 802, 826, 858, 890], "summary": {"covered_lines": 24, "num_statements": 36, "percent_covered": 66.66666666666667, "percent_covered_display": "66.67", "missing_lines": 12, "excluded_lines": 0, "num_branches": 0, "num_partial_branches": 0, "covered_branches": 0, "missing_branches": 0}, "missing_lines": [756, 757, 796, 797, 822, 823, 854, 855, 886, 887, 915, 916], "excluded_lines": [], "executed_branches": [], "missing_branches": []}}}, "apgi_system\\core\\precision.py": {"executed_lines": [1, 8, 9, 10, 11, 12, 14, 15, 18, 19, 21, 22, 23, 24, 27, 28, 101, 173, 290, 306, 328, 347, 371, 388, 402, 416, 443, 459, 475, 514], "summary": {"covered_lines": 27, "num_statements": 128, "percent_covered": 16.875, "percent_covered_display": "16.88", "missing_lines": 101, "excluded_lines": 0, "num_branches": 32, "num_partial_branches": 0, "covered_branches": 0, "missing_branches": 32}, "missing_lines": [124, 125, 128, 129, 132, 133, 136, 137, 140, 148, 149, 157, 158, 161, 162, 165, 166, 169, 170, 171, 240, 241, 245, 246, 250, 251, 252, 257, 258, 260, 261, 264, 267, 268, 271, 274, 277, 278, 281, 283, 297, 298, 299, 301, 303, 304, 311, 319, 320, 321, 324, 325, 326, 334, 336, 337, 338, 339, 340, 341, 342, 343, 345, 355, 356, 358, 359, 362, 365, 366, 368, 369, 378, 380, 381, 384, 385, 386, 395, 396, 399, 400, 404, 408, 412, 441, 457, 473, 507, 508, 510, 512, 521, 522, 523, 524, 525, 526, 527, 529, 530], "excluded_lines": [], "executed_branches": [], "missing_branches": [[240, 241], [240, 245], [245, 246], [245, 250], [250, 251], [250, 257], [251, 252], [251, 257], [257, 258], [257, 260], [260, 261], [260, 264], [267, 268], [267, 271], [277, 278], [277, 281], [298, 299], [298, 303], [319, -306], [319, 320], [336, 337], [336, 340], [340, 341], [340, 345], [395, 396], [395, 399], [399, -388], [399, 400], [507, 508], [507, 510], [529, -514], [529, 530]], "functions": {"PrecisionWeighting.__init__": {"executed_lines": [], "summary": {"covered_lines": 0, "num_statements": 20, "percent_covered": 0.0, "percent_covered_display": "0.00", "missing_lines": 20, "excluded_lines": 0, "num_branches": 0, "num_partial_branches": 0, "covered_branches": 0, "missing_branches": 0}, "missing_lines": [124, 125, 128, 129, 132, 133, 136, 137, 140, 148, 149, 157, 158, 161, 162, 165, 166, 169, 170, 171], "excluded_lines": [], "executed_branches": [], "missing_branches": []}, "PrecisionWeighting.update": {"executed_lines": [], "summary": {"covered_lines": 0, "num_statements": 20, "percent_covered": 0.0, "percent_covered_display": "0.00", "missing_lines": 20, "excluded_lines": 0, "num_branches": 16, "num_partial_branches": 0, "covered_branches": 0, "missing_branches": 16}, "missing_lines": [240, 241, 245, 246, 250, 251, 252, 257, 258, 260, 261, 264, 267, 268, 271, 274, 277, 278, 281, 283], "excluded_lines": [], "executed_branches": [], "missing_branches": [[240, 241], [240, 245], [245, 246], [245, 250], [250, 251], [250, 257], [251, 252], [251, 257], [257, 258], [257, 260], [260, 261], [260, 264], [267, 268], [267, 271], [277, 278], [277, 281]]}, "PrecisionWeighting._update_uncertainty": {"executed_lines": [], "summary": {"covered_lines": 0, "num_statements": 6, "percent_covered": 0.0, "percent_covered_display": "0.00", "missing_lines": 6, "excluded_lines": 0, "num_branches": 2, "num_partial_branches": 0, "covered_branches": 0, "missing_branches": 2}, "missing_lines": [297, 298, 299, 301, 303, 304], "excluded_lines": [], "executed_branches": [], "missing_branches": [[298, 299], [298, 303]]}, "PrecisionWeighting._update_volatility": {"executed_lines": [], "summary": {"covered_lines": 0, "num_statements": 7, "percent_covered": 0.0, "percent_covered_display": "0.00", "missing_lines": 7, "excluded_lines": 0, "num_branches": 2, "num_partial_branches": 0, "covered_branches": 0, "missing_branches": 2}, "missing_lines": [311, 319, 320, 321, 324, 325, 326], "excluded_lines": [], "executed_branches": [], "missing_branches": [[319, -306], [319, 320]]}, "PrecisionWeighting._apply_attention": {"executed_lines": [], "summary": {"covered_lines": 0, "num_statements": 10, "percent_covered": 0.0, "percent_covered_display": "0.00", "missing_lines": 10, "excluded_lines": 0, "num_branches": 4, "num_partial_branches": 0, "covered_branches": 0, "missing_branches": 4}, "missing_lines": [334, 336, 337, 338, 339, 340, 341, 342, 343, 345], "excluded_lines": [], "executed_branches": [], "missing_branches": [[336, 337], [336, 340], [340, 341], [340, 345]]}, "PrecisionWeighting._apply_neuromodulators": {"executed_lines": [], "summary": {"covered_lines": 0, "num_statements": 9, "percent_covered": 0.0, "percent_covered_display": "0.00", "missing_lines": 9, "excluded_lines": 0, "num_branches": 0, "num_partial_branches": 0, "covered_branches": 0, "missing_branches": 0}, "missing_lines": [355, 356, 358, 359, 362, 365, 366, 368, 369], "excluded_lines": [], "executed_branches": [], "missing_branches": []}, "PrecisionWeighting._apply_resource_constraints": {"executed_lines": [], "summary": {"covered_lines": 0, "num_statements": 6, "percent_covered": 0.0, "percent_covered_display": "0.00", "missing_lines": 6, "excluded_lines": 0, "num_branches": 0, "num_partial_branches": 0, "covered_branches": 0, "missing_branches": 0}, "missing_lines": [378, 380, 381, 384, 385, 386], "excluded_lines": [], "executed_branches": [], "missing_branches": []}, "PrecisionWeighting._apply_context_modulation": {"executed_lines": [], "summary": {"covered_lines": 0, "num_statements": 4, "percent_covered": 0.0, "percent_covered_display": "0.00", "missing_lines": 4, "excluded_lines": 0, "num_branches": 4, "num_partial_branches": 0, "covered_branches": 0, "missing_branches": 4}, "missing_lines": [395, 396, 399, 400], "excluded_lines": [], "executed_branches": [], "missing_branches": [[395, 396], [395, 399], [399, -388], [399, 400]]}, "PrecisionWeighting._clamp_precisions": {"executed_lines": [], "summary": {"covered_lines": 0, "num_statements": 3, "percent_covered": 0.0, "percent_covered_display": "0.00", "missing_lines": 3, "excluded_lines": 0, "num_branches": 0, "num_partial_branches": 0, "covered_branches": 0, "missing_branches": 0}, "missing_lines": [404, 408, 412], "excluded_lines": [], "executed_branches": [], "missing_branches": []}, "PrecisionWeighting.set_neuromodulator": {"executed_lines": [], "summary": {"covered_lines": 0, "num_statements": 1, "percent_covered": 0.0, "percent_covered_display": "0.00", "missing_lines": 1, "excluded_lines": 0, "num_branches": 0, "num_partial_branches": 0, "covered_branches": 0, "missing_branches": 0}, "missing_lines": [441], "excluded_lines": [], "executed_branches": [], "missing_branches": []}, "PrecisionWeighting.set_fatigue": {"executed_lines": [], "summary": {"covered_lines": 0, "num_statements": 1, "percent_covered": 0.0, "percent_covered_display": "0.00", "missing_lines": 1, "excluded_lines": 0, "num_branches": 0, "num_partial_branches": 0, "covered_branches": 0, "missing_branches": 0}, "missing_lines": [457], "excluded_lines": [], "executed_branches": [], "missing_branches": []}, "PrecisionWeighting.set_cognitive_load": {"executed_lines": [], "summary": {"covered_lines": 0, "num_statements": 1, "percent_covered": 0.0, "percent_covered_display": "0.00", "missing_lines": 1, "excluded_lines": 0, "num_branches": 0, "num_partial_branches": 0, "covered_branches": 0, "missing_branches": 0}, "missing_lines": [473], "excluded_lines": [], "executed_branches": [], "missing_branches": []}, "PrecisionWeighting.get_precision_matrix": {"executed_lines": [], "summary": {"covered_lines": 0, "num_statements": 4, "percent_covered": 0.0, "percent_covered_display": "0.00", "missing_lines": 4, "excluded_lines": 0, "num_branches": 2, "num_partial_branches": 0, "covered_branches": 0, "missing_branches": 2}, "missing_lines": [507, 508, 510, 512], "excluded_lines": [], "executed_branches": [], "missing_branches": [[507, 508], [507, 510]]}, "PrecisionWeighting.reset": {"executed_lines": [], "summary": {"covered_lines": 0, "num_statements": 9, "percent_covered": 0.0, "percent_covered_display": "0.00", "missing_lines": 9, "excluded_lines": 0, "num_branches": 2, "num_partial_branches": 0, "covered_branches": 0, "missing_branches": 2}, "missing_lines": [521, 522, 523, 524, 525, 526, 527, 529, 530], "excluded_lines": [], "executed_branches": [], "missing_branches": [[529, -514], [529, 530]]}, "": {"executed_lines": [1, 8, 9, 10, 11, 12, 14, 15, 18, 19, 21, 22, 23, 24, 27, 28, 101, 173, 290, 306, 328, 347, 371, 388, 402, 416, 443, 459, 475, 514], "summary": {"covered_lines": 27, "num_statements": 27, "percent_covered": 100.0, "percent_covered_display": "100.00", "missing_lines": 0, "excluded_lines": 0, "num_branches": 0, "num_partial_branches": 0, "covered_branches": 0, "missing_branches": 0}, "missing_lines": [], "excluded_lines": [], "executed_branches": [], "missing_branches": []}}, "classes": {"NeuromodulatorType": {"executed_lines": [], "summary": {"covered_lines": 0, "num_statements": 0, "percent_covered": 100.0, "percent_covered_display": "100.00", "missing_lines": 0, "excluded_lines": 0, "num_branches": 0, "num_partial_branches": 0, "covered_branches": 0, "missing_branches": 0}, "missing_lines": [], "excluded_lines": [], "executed_branches": [], "missing_branches": []}, "PrecisionWeighting": {"executed_lines": [], "summary": {"covered_lines": 0, "num_statements": 101, "percent_covered": 0.0, "percent_covered_display": "0.00", "missing_lines": 101, "excluded_lines": 0, "num_branches": 32, "num_partial_branches": 0, "covered_branches": 0, "missing_branches": 32}, "missing_lines": [124, 125, 128, 129, 132, 133, 136, 137, 140, 148, 149, 157, 158, 161, 162, 165, 166, 169, 170, 171, 240, 241, 245, 246, 250, 251, 252, 257, 258, 260, 261, 264, 267, 268, 271, 274, 277, 278, 281, 283, 297, 298, 299, 301, 303, 304, 311, 319, 320, 321, 324, 325, 326, 334, 336, 337, 338, 339, 340, 341, 342, 343, 345, 355, 356, 358, 359, 362, 365, 366, 368, 369, 378, 380, 381, 384, 385, 386, 395, 396, 399, 400, 404, 408, 412, 441, 457, 473, 507, 508, 510, 512, 521, 522, 523, 524, 525, 526, 527, 529, 530], "excluded_lines": [], "executed_branches": [], "missing_branches": [[240, 241], [240, 245], [245, 246], [245, 250], [250, 251], [250, 257], [251, 252], [251, 257], [257, 258], [257, 260], [260, 261], [260, 264], [267, 268], [267, 271], [277, 278], [277, 281], [298, 299], [298, 303], [319, -306], [319, 320], [336, 337], [336, 340], [340, 341], [340, 345], [395, 396], [395, 399], [399, -388], [399, 400], [507, 508], [507, 510], [529, -514], [529, 530]]}, "": {"executed_lines": [1, 8, 9, 10, 11, 12, 14, 15, 18, 19, 21, 22, 23, 24, 27, 28, 101, 173, 290, 306, 328, 347, 371, 388, 402, 416, 443, 459, 475, 514], "summary": {"covered_lines": 27, "num_statements": 27, "percent_covered": 100.0, "percent_covered_display": "100.00", "missing_lines": 0, "excluded_lines": 0, "num_branches": 0, "num_partial_branches": 0, "covered_branches": 0, "missing_branches": 0}, "missing_lines": [], "excluded_lines": [], "executed_branches": [], "missing_branches": []}}}, "apgi_system\\core\\predictive_processing.py": {"executed_lines": [1, 8, 9, 10, 12, 13, 14, 17, 18, 61, 100, 149, 158, 177, 208, 219, 220, 272, 364, 497, 553, 566, 585, 612], "summary": {"covered_lines": 21, "num_statements": 128, "percent_covered": 12.804878048780488, "percent_covered_display": "12.80", "missing_lines": 107, "excluded_lines": 0, "num_branches": 36, "num_partial_branches": 0, "covered_branches": 0, "missing_branches": 36}, "missing_lines": [87, 88, 89, 90, 93, 96, 97, 98, 138, 139, 142, 145, 147, 151, 152, 155, 156, 175, 196, 197, 199, 200, 214, 215, 216, 307, 310, 311, 312, 315, 316, 317, 320, 321, 322, 333, 336, 337, 339, 348, 356, 359, 362, 421, 422, 426, 427, 429, 431, 438, 439, 446, 450, 456, 457, 464, 468, 474, 477, 482, 485, 486, 495, 520, 521, 524, 525, 528, 529, 531, 534, 537, 538, 539, 540, 543, 546, 549, 555, 556, 557, 559, 560, 561, 564, 568, 569, 570, 572, 573, 574, 575, 576, 577, 578, 581, 582, 583, 605, 619, 620, 621, 622, 623, 625, 626, 627], "excluded_lines": [], "executed_branches": [], "missing_branches": [[151, 152], [151, 155], [196, 197], [196, 199], [321, 322], [321, 336], [421, 422], [421, 426], [426, 427], [426, 429], [438, 439], [438, 456], [456, 457], [456, 482], [485, 486], [485, 495], [520, -497], [520, 521], [524, 520], [524, 525], [528, 529], [528, 534], [537, 538], [537, 543], [555, 556], [555, 557], [557, 559], [557, 564], [568, 569], [568, 570], [570, 572], [570, 581], [574, 575], [574, 578], [619, 620], [619, 625]], "functions": {"PredictionErrorChannel.__init__": {"executed_lines": [], "summary": {"covered_lines": 0, "num_statements": 8, "percent_covered": 0.0, "percent_covered_display": "0.00", "missing_lines": 8, "excluded_lines": 0, "num_branches": 0, "num_partial_branches": 0, "covered_branches": 0, "missing_branches": 0}, "missing_lines": [87, 88, 89, 90, 93, 96, 97, 98], "excluded_lines": [], "executed_branches": [], "missing_branches": []}, "PredictionErrorChannel.update": {"executed_lines": [], "summary": {"covered_lines": 0, "num_statements": 5, "percent_covered": 0.0, "percent_covered_display": "0.00", "missing_lines": 5, "excluded_lines": 0, "num_branches": 0, "num_partial_branches": 0, "covered_branches": 0, "missing_branches": 0}, "missing_lines": [138, 139, 142, 145, 147], "excluded_lines": [], "executed_branches": [], "missing_branches": []}, "PredictionErrorChannel._update_accumulated_error": {"executed_lines": [], "summary": {"covered_lines": 0, "num_statements": 4, "percent_covered": 0.0, "percent_covered_display": "0.00", "missing_lines": 4, "excluded_lines": 0, "num_branches": 2, "num_partial_branches": 0, "covered_branches": 0, "missing_branches": 2}, "missing_lines": [151, 152, 155, 156], "excluded_lines": [], "executed_branches": [], "missing_branches": [[151, 152], [151, 155]]}, "PredictionErrorChannel.get_accumulated_signal": {"executed_lines": [], "summary": {"covered_lines": 0, "num_statements": 1, "percent_covered": 0.0, "percent_covered_display": "0.00", "missing_lines": 1, "excluded_lines": 0, "num_branches": 0, "num_partial_branches": 0, "covered_branches": 0, "missing_branches": 0}, "missing_lines": [175], "excluded_lines": [], "executed_branches": [], "missing_branches": []}, "PredictionErrorChannel.get_statistics": {"executed_lines": [], "summary": {"covered_lines": 0, "num_statements": 4, "percent_covered": 0.0, "percent_covered_display": "0.00", "missing_lines": 4, "excluded_lines": 0, "num_branches": 2, "num_partial_branches": 0, "covered_branches": 0, "missing_branches": 2}, "missing_lines": [196, 197, 199, 200], "excluded_lines": [], "executed_branches": [], "missing_branches": [[196, 197], [196, 199]]}, "PredictionErrorChannel.reset": {"executed_lines": [], "summary": {"covered_lines": 0, "num_statements": 3, "percent_covered": 0.0, "percent_covered_display": "0.00", "missing_lines": 3, "excluded_lines": 0, "num_branches": 0, "num_partial_branches": 0, "covered_branches": 0, "missing_branches": 0}, "missing_lines": [214, 215, 216], "excluded_lines": [], "executed_branches": [], "missing_branches": []}, "HierarchicalPredictor.__init__": {"executed_lines": [], "summary": {"covered_lines": 0, "num_statements": 18, "percent_covered": 0.0, "percent_covered_display": "0.00", "missing_lines": 18, "excluded_lines": 0, "num_branches": 2, "num_partial_branches": 0, "covered_branches": 0, "missing_branches": 2}, "missing_lines": [307, 310, 311, 312, 315, 316, 317, 320, 321, 322, 333, 336, 337, 339, 348, 356, 359, 362], "excluded_lines": [], "executed_branches": [], "missing_branches": [[321, 322], [321, 336]]}, "HierarchicalPredictor.predict": {"executed_lines": [], "summary": {"covered_lines": 0, "num_statements": 20, "percent_covered": 0.0, "percent_covered_display": "0.00", "missing_lines": 20, "excluded_lines": 0, "num_branches": 10, "num_partial_branches": 0, "covered_branches": 0, "missing_branches": 10}, "missing_lines": [421, 422, 426, 427, 429, 431, 438, 439, 446, 450, 456, 457, 464, 468, 474, 477, 482, 485, 486, 495], "excluded_lines": [], "executed_branches": [], "missing_branches": [[421, 422], [421, 426], [426, 427], [426, 429], [438, 439], [438, 456], [456, 457], [456, 482], [485, 486], [485, 495]]}, "HierarchicalPredictor._update_hierarchy": {"executed_lines": [], "summary": {"covered_lines": 0, "num_statements": 15, "percent_covered": 0.0, "percent_covered_display": "0.00", "missing_lines": 15, "excluded_lines": 0, "num_branches": 8, "num_partial_branches": 0, "covered_branches": 0, "missing_branches": 8}, "missing_lines": [520, 521, 524, 525, 528, 529, 531, 534, 537, 538, 539, 540, 543, 546, 549], "excluded_lines": [], "executed_branches": [], "missing_branches": [[520, -497], [520, 521], [524, 520], [524, 525], [528, 529], [528, 534], [537, 538], [537, 543]]}, "HierarchicalPredictor._map_down": {"executed_lines": [], "summary": {"covered_lines": 0, "num_statements": 7, "percent_covered": 0.0, "percent_covered_display": "0.00", "missing_lines": 7, "excluded_lines": 0, "num_branches": 4, "num_partial_branches": 0, "covered_branches": 0, "missing_branches": 4}, "missing_lines": [555, 556, 557, 559, 560, 561, 564], "excluded_lines": [], "executed_branches": [], "missing_branches": [[555, 556], [555, 557], [557, 559], [557, 564]]}, "HierarchicalPredictor._map_up": {"executed_lines": [], "summary": {"covered_lines": 0, "num_statements": 13, "percent_covered": 0.0, "percent_covered_display": "0.00", "missing_lines": 13, "excluded_lines": 0, "num_branches": 6, "num_partial_branches": 0, "covered_branches": 0, "missing_branches": 6}, "missing_lines": [568, 569, 570, 572, 573, 574, 575, 576, 577, 578, 581, 582, 583], "excluded_lines": [], "executed_branches": [], "missing_branches": [[568, 569], [568, 570], [570, 572], [570, 581], [574, 575], [574, 578]]}, "HierarchicalPredictor.get_prediction_errors": {"executed_lines": [], "summary": {"covered_lines": 0, "num_statements": 1, "percent_covered": 0.0, "percent_covered_display": "0.00", "missing_lines": 1, "excluded_lines": 0, "num_branches": 0, "num_partial_branches": 0, "covered_branches": 0, "missing_branches": 0}, "missing_lines": [605], "excluded_lines": [], "executed_branches": [], "missing_branches": []}, "HierarchicalPredictor.reset": {"executed_lines": [], "summary": {"covered_lines": 0, "num_statements": 8, "percent_covered": 0.0, "percent_covered_display": "0.00", "missing_lines": 8, "excluded_lines": 0, "num_branches": 2, "num_partial_branches": 0, "covered_branches": 0, "missing_branches": 2}, "missing_lines": [619, 620, 621, 622, 623, 625, 626, 627], "excluded_lines": [], "executed_branches": [], "missing_branches": [[619, 620], [619, 625]]}, "": {"executed_lines": [1, 8, 9, 10, 12, 13, 14, 17, 18, 61, 100, 149, 158, 177, 208, 219, 220, 272, 364, 497, 553, 566, 585, 612], "summary": {"covered_lines": 21, "num_statements": 21, "percent_covered": 100.0, "percent_covered_display": "100.00", "missing_lines": 0, "excluded_lines": 0, "num_branches": 0, "num_partial_branches": 0, "covered_branches": 0, "missing_branches": 0}, "missing_lines": [], "excluded_lines": [], "executed_branches": [], "missing_branches": []}}, "classes": {"PredictionErrorChannel": {"executed_lines": [], "summary": {"covered_lines": 0, "num_statements": 25, "percent_covered": 0.0, "percent_covered_display": "0.00", "missing_lines": 25, "excluded_lines": 0, "num_branches": 4, "num_partial_branches": 0, "covered_branches": 0, "missing_branches": 4}, "missing_lines": [87, 88, 89, 90, 93, 96, 97, 98, 138, 139, 142, 145, 147, 151, 152, 155, 156, 175, 196, 197, 199, 200, 214, 215, 216], "excluded_lines": [], "executed_branches": [], "missing_branches": [[151, 152], [151, 155], [196, 197], [196, 199]]}, "HierarchicalPredictor": {"executed_lines": [], "summary": {"covered_lines": 0, "num_statements": 82, "percent_covered": 0.0, "percent_covered_display": "0.00", "missing_lines": 82, "excluded_lines": 0, 
[...]
 0, "num_branches": 0, "num_partial_branches": 0, "covered_branches": 0, "missing_branches": 0}, "missing_lines": [153, 156, 164, 165, 166, 168, 170], "excluded_lines": [], "executed_branches": [], "missing_branches": []}, "WebhookManager.deliver_webhook": {"executed_lines": [], "summary": {"covered_lines": 0, "num_statements": 6, "percent_covered": 0.0, "percent_covered_display": "0.00", "missing_lines": 6, "excluded_lines": 0, "num_branches": 2, "num_partial_branches": 0, "covered_branches": 0, "missing_branches": 2}, "missing_lines": [184, 186, 187, 188, 191, 194], "excluded_lines": [], "executed_branches": [], "missing_branches": [[186, 187], [186, 191]]}, "WebhookManager._get_delivery_record_safe": {"executed_lines": [], "summary": {"covered_lines": 0, "num_statements": 6, "percent_covered": 0.0, "percent_covered_display": "0.00", "missing_lines": 6, "excluded_lines": 0, "num_branches": 0, "num_partial_branches": 0, "covered_branches": 0, "missing_branches": 0}, "missing_lines": [201, 202, 205, 206, 207, 208], "excluded_lines": [], "executed_branches": [], "missing_branches": []}, "WebhookManager._update_delivery_attempt_safe": {"executed_lines": [], "summary": {"covered_lines": 0, "num_statements": 9, "percent_covered": 0.0, "percent_covered_display": "0.00", "missing_lines": 9, "excluded_lines": 0, "num_branches": 0, "num_partial_branches": 0, "covered_branches": 0, "missing_branches": 0}, "missing_lines": [213, 215, 216, 217, 225, 226, 227, 228, 231], "excluded_lines": [], "executed_branches": [], "missing_branches": []}, "WebhookManager._deliver_webhook_request_safe": {"executed_lines": [], "summary": {"covered_lines": 0, "num_statements": 33, "percent_covered": 0.0, "percent_covered_display": "0.00", "missing_lines": 33, "excluded_lines": 0, "num_branches": 4, "num_partial_branches": 0, "covered_branches": 0, "missing_branches": 4}, "missing_lines": [236, 238, 244, 247, 255, 256, 258, 265, 266, 269, 270, 271, 273, 277, 280, 283, 284, 285, 287, 288, 289, 290, 291, 293, 294, 297, 298, 299, 301, 302, 306, 307, 308], "excluded_lines": [], "executed_branches": [], "missing_branches": [[255, 256], [255, 258], [269, 270], [269, 280]]}, "WebhookManager._schedule_retry": {"executed_lines": [], "summary": {"covered_lines": 0, "num_statements": 9, "percent_covered": 0.0, "percent_covered_display": "0.00", "missing_lines": 9, "excluded_lines": 0, "num_branches": 2, "num_partial_branches": 0, "covered_branches": 0, "missing_branches": 2}, "missing_lines": [318, 320, 321, 322, 328, 334, 335, 337, 342], "excluded_lines": [], "executed_branches": [], "missing_branches": [[318, 320], [318, 328]]}, "WebhookManager.process_pending_webhooks": {"executed_lines": [], "summary": {"covered_lines": 0, "num_statements": 8, "percent_covered": 0.0, "percent_covered_display": "0.00", "missing_lines": 8, "excluded_lines": 0, "num_branches": 2, "num_partial_branches": 0, "covered_branches": 0, "missing_branches": 2}, "missing_lines": [352, 354, 365, 368, 369, 370, 371, 372], "excluded_lines": [], "executed_branches": [], "missing_branches": [[368, -344], [368, 369]]}, "WebhookManager.get_delivery_status": {"executed_lines": [], "summary": {"covered_lines": 0, "num_statements": 4, "percent_covered": 0.0, "percent_covered_display": "0.00", "missing_lines": 4, "excluded_lines": 0, "num_branches": 2, "num_partial_branches": 0, "covered_branches": 0, "missing_branches": 2}, "missing_lines": [389, 393, 394, 396], "excluded_lines": [], "executed_branches": [], "missing_branches": [[393, 394], [393, 396]]}, "WebhookManager.get_task_deliveries": {"executed_lines": [], "summary": {"covered_lines": 0, "num_statements": 2, "percent_covered": 0.0, "percent_covered_display": "0.00", "missing_lines": 2, "excluded_lines": 0, "num_branches": 0, "num_partial_branches": 0, "covered_branches": 0, "missing_branches": 0}, "missing_lines": [422, 424], "excluded_lines": [], "executed_branches": [], "missing_branches": []}, "WebhookManager.close": {"executed_lines": [], "summary": {"covered_lines": 0, "num_statements": 2, "percent_covered": 0.0, "percent_covered_display": "0.00", "missing_lines": 2, "excluded_lines": 0, "num_branches": 0, "num_partial_branches": 0, "covered_branches": 0, "missing_branches": 0}, "missing_lines": [439, 440], "excluded_lines": [], "executed_branches": [], "missing_branches": []}, "": {"executed_lines": [], "summary": {"covered_lines": 0, "num_statements": 40, "percent_covered": 0.0, "percent_covered_display": "0.00", "missing_lines": 40, "excluded_lines": 0, "num_branches": 0, "num_partial_branches": 0, "covered_branches": 0, "missing_branches": 0}, "missing_lines": [7, 8, 9, 10, 11, 12, 13, 15, 16, 17, 19, 22, 27, 30, 33, 34, 35, 36, 39, 47, 48, 49, 50, 53, 55, 71, 102, 137, 172, 196, 197, 210, 211, 233, 234, 310, 344, 376, 411, 437], "excluded_lines": [], "executed_branches": [], "missing_branches": []}}, "classes": {"WebhookStatus": {"executed_lines": [], "summary": {"covered_lines": 0, "num_statements": 0, "percent_covered": 100.0, "percent_covered_display": "100.00", "missing_lines": 0, "excluded_lines": 0, "num_branches": 0, "num_partial_branches": 0, "covered_branches": 0, "missing_branches": 0}, "missing_lines": [], "excluded_lines": [], "executed_branches": [], "missing_branches": []}, "WebhookManager": {"executed_lines": [], "summary": {"covered_lines": 0, "num_statements": 111, "percent_covered": 0.0, "percent_covered_display": "0.00", "missing_lines": 111, "excluded_lines": 0, "num_branches": 24, "num_partial_branches": 0, "covered_branches": 0, "missing_branches": 24}, "missing_lines": [61, 62, 63, 64, 66, 69, 81, 82, 83, 86, 89, 90, 92, 93, 94, 95, 98, 100, 116, 117, 119, 120, 123, 124, 135, 153, 156, 164, 165, 166, 168, 170, 184, 186, 187, 188, 191, 194, 201, 202, 205, 206, 207, 208, 213, 215, 216, 217, 225, 226, 227, 228, 231, 236, 238, 244, 247, 255, 256, 258, 265, 266, 269, 270, 271, 273, 277, 280, 283, 284, 285, 287, 288, 289, 290, 291, 293, 294, 297, 298, 299, 301, 302, 306, 307, 308, 318, 320, 321, 322, 328, 334, 335, 337, 342, 352, 354, 365, 368, 369, 370, 371, 372, 389, 393, 394, 396, 422, 424, 439, 440], "excluded_lines": [], "executed_branches": [], "missing_branches": [[81, 82], [81, 86], [92, 93], [92, 94], [94, 95], [94, 98], [116, 117], [116, 119], [119, 120], [119, 123], [123, 124], [123, 135], [186, 187], [186, 191], [255, 256], [255, 258], [269, 270], [269, 280], [318, 320], [318, 328], [368, -344], [368, 369], [393, 394], [393, 396]]}, "": {"executed_lines": [], "summary": {"covered_lines": 0, "num_statements": 40, "percent_covered": 0.0, "percent_covered_display": "0.00", "missing_lines": 40, "excluded_lines": 0, "num_branches": 0, "num_partial_branches": 0, "covered_branches": 0, "missing_branches": 0}, "missing_lines": [7, 8, 9, 10, 11, 12, 13, 15, 16, 17, 19, 22, 27, 30, 33, 34, 35, 36, 39, 47, 48, 49, 50, 53, 55, 71, 102, 137, 172, 196, 197, 210, 211, 233, 234, 310, 344, 376, 411, 437], "excluded_lines": [], "executed_branches": [], "missing_branches": []}}}, "api\\tasks\\__init__.py": {"executed_lines": [], "summary": {"covered_lines": 0, "num_statements": 2, "percent_covered": 0.0, "percent_covered_display": "0.00", "missing_lines": 2, "excluded_lines": 0, "num_branches": 0, "num_partial_branches": 0, "covered_branches": 0, "missing_branches": 0}, "missing_lines": [8, 10], "excluded_lines": [], "executed_branches": [], "missing_branches": [], "functions": {"": {"executed_lines": [], "summary": {"covered_lines": 0, "num_statements": 2, "percent_covered": 0.0, "percent_covered_display": "0.00", "missing_lines": 2, "excluded_lines": 0, "num_branches": 0, "num_partial_branches": 0, "covered_branches": 0, "missing_branches": 0}, "missing_lines": [8, 10], "excluded_lines": [], "executed_branches": [], "missing_branches": []}}, "classes": {"": {"executed_lines": [], "summary": {"covered_lines": 0, "num_statements": 2, "percent_covered": 0.0, "percent_covered_display": "0.00", "missing_lines": 2, "excluded_lines": 0, "num_branches": 0, "num_partial_branches": 0, "covered_branches": 0, "missing_branches": 0}, "missing_lines": [8, 10], "excluded_lines": [], "executed_branches": [], "missing_branches": []}}}, "api\\tasks\\experimental_tasks.py": {"executed_lines": [], "summary": {"covered_lines": 0, "num_statements": 167, "percent_covered": 0.0, "percent_covered_display": "0.00", "missing_lines": 167, "excluded_lines": 0, "num_branches": 8, "num_partial_branches": 0, "covered_branches": 0, "missing_branches": 8}, "missing_lines": [7, 8, 9, 11, 12, 14, 15, 16, 17, 18, 19, 20, 21, 22, 23, 24, 26, 29, 37, 39, 42, 44, 45, 46, 49, 50, 51, 53, 54, 56, 59, 60, 63, 73, 74, 75, 76, 79, 80, 85, 86, 88, 90, 92, 94, 95, 98, 101, 103, 104, 106, 108, 111, 114, 117, 136, 138, 139, 141, 142, 143, 144, 145, 146, 149, 159, 161, 163, 170, 171, 172, 180, 182, 183, 184, 185, 187, 190, 193, 212, 214, 215, 217, 218, 219, 220, 221, 222, 225, 235, 237, 239, 246, 247, 248, 256, 258, 259, 260, 261, 263, 266, 269, 287, 289, 290, 292, 293, 294, 295, 296, 299, 308, 310, 312, 319, 320, 321, 329, 331, 332, 333, 334, 336, 339, 342, 355, 357, 358, 360, 361, 362, 365, 372, 374, 376, 383, 384, 385, 393, 395, 396, 397, 398, 400, 403, 406, 419, 421, 422, 424, 425, 426, 427, 430, 438, 440, 442, 449, 450, 451, 459, 461, 462, 463, 464, 466], "excluded_lines": [], "executed_branches": [], "missing_branches": [[44, 45], [44, 49], [53, 54], [53, 56], [59, 60], [59, 90], [106, 108], [106, 111]], "functions": {"trigger_webhook_on_completion": {"executed_lines": [], "summary": {"covered_lines": 0, "num_statements": 28, "percent_covered": 0.0, "percent_covered_display": "0.00", "missing_lines": 28, "excluded_lines": 0, "num_branches": 6, "num_partial_branches": 0, "covered_branches": 0, "missing_branches": 6}, "missing_lines": [37, 39, 42, 44, 45, 46, 49, 50, 51, 53, 54, 56, 59, 60, 63, 73, 74, 75, 76, 79, 80, 85, 86, 88, 90, 92, 94, 95], "excluded_lines": [], "executed_branches": [], "missing_branches": [[44, 45], [44, 49], [53, 54], [53, 56], [59, 60], [59, 90]]}, "APGITask.apgi_system": {"executed_lines": [], "summary": {"covered_lines": 0, "num_statements": 3, "percent_covered": 0.0, "percent_covered_display": "0.00", "missing_lines": 3, "excluded_lines": 0, "num_branches": 2, "num_partial_branches": 0, "covered_branches": 0, "missing_branches": 2}, "missing_lines": [106, 108, 111], "excluded_lines": [], "executed_branches": [], "missing_branches": [[106, 108], [106, 111]]}, "execute_iowa_gambling_task": {"executed_lines": [], "summary": {"covered_lines": 0, "num_statements": 22, "percent_covered": 0.0, "percent_covered_display": "0.00", "missing_lines": 22, "excluded_lines": 0, "num_branches": 0, "num_partial_branches": 0, "covered_branches": 0, "missing_branches": 0}, "missing_lines": [136, 138, 139, 141, 142, 143, 144, 145, 146, 149, 159, 161, 163, 170, 171, 172, 180, 182, 183, 184, 185, 187], "excluded_lines": [], "executed_branches": [], "missing_branches": []}, "execute_masking_paradigm_task": {"executed_lines": [], "summary": {"covered_lines": 0, "num_statements": 22, "percent_covered": 0.0, "percent_covered_display": "0.00", "missing_lines": 22, "excluded_lines": 0, "num_branches": 0, "num_partial_branches": 0, "covered_branches": 0, "missing_branches": 0}, "missing_lines": [212, 214, 215, 217, 218, 219, 220, 221, 222, 225, 235, 237, 239, 246, 247, 248, 256, 258, 259, 260, 261, 263], "excluded_lines": [], "executed_branches": [], "missing_branches": []}, "execute_attentional_blink_task": {"executed_lines": [], "summary": {"covered_lines": 0, "num_statements": 21, "percent_covered": 0.0, "percent_covered_display": "0.00", "missing_lines": 21, "excluded_lines": 0, "num_branches": 0, "num_partial_branches": 0, "covered_branches": 0, "missing_branches": 0}, "missing_lines": [287, 289, 290, 292, 293, 294, 295, 296, 299, 308, 310, 312, 319, 320, 321, 329, 331, 332, 333, 334, 336], "excluded_lines": [], "executed_branches": [], "missing_branches": []}, "execute_change_blindness_task": {"executed_lines": [], "summary": {"covered_lines": 0, "num_statements": 19, "percent_covered": 0.0, "percent_covered_display": "0.00", "missing_lines": 19, "excluded_lines": 0, "num_branches": 0, "num_partial_branches": 0, "covered_branches": 0, "missing_branches": 0}, "missing_lines": [355, 357, 358, 360, 361, 362, 365, 372, 374, 376, 383, 384, 385, 393, 395, 396, 397, 398, 400], "excluded_lines": [], "executed_branches": [], "missing_branches": []}, "execute_binocular_rivalry_task": {"executed_lines": [], "summary": {"covered_lines": 0, "num_statements": 20, "percent_covered": 0.0, "percent_covered_display": "0.00", "missing_lines": 20, "excluded_lines": 0, "num_branches": 0, "num_partial_branches": 0, "covered_branches": 0, "missing_branches": 0}, "missing_lines": [419, 421, 422, 424, 425, 426, 427, 430, 438, 440, 442, 449, 450, 451, 459, 461, 462, 463, 464, 466], "excluded_lines": [], "executed_branches": [], "missing_branches": []}, "": {"executed_lines": [], "summary": {"covered_lines": 0, "num_statements": 32, "percent_covered": 0.0, "percent_covered_display": "0.00", "missing_lines": 32, "excluded_lines": 0, "num_branches": 0, "num_partial_branches": 0, "covered_branches": 0, "missing_branches": 0}, "missing_lines": [7, 8, 9, 11, 12, 14, 15, 16, 17, 18, 19, 20, 21, 22, 23, 24, 26, 29, 98, 101, 103, 104, 114, 117, 190, 193, 266, 269, 339, 342, 403, 406], "excluded_lines": [], "executed_branches": [], "missing_branches": []}}, "classes": {"APGITask": {"executed_lines": [], "summary": {"covered_lines": 0, "num_statements": 3, "percent_covered": 0.0, "percent_covered_display": "0.00", "missing_lines": 3, "excluded_lines": 0, "num_branches": 2, "num_partial_branches": 0, "covered_branches": 0, "missing_branches": 2}, "missing_lines": [106, 108, 111], "excluded_lines": [], "executed_branches": [], "missing_branches": [[106, 108], [106, 111]]}, "": {"executed_lines": [], "summary": {"covered_lines": 0, "num_statements": 164, "percent_covered": 0.0, "percent_covered_display": "0.00", "missing_lines": 164, "excluded_lines": 0, "num_branches": 6, "num_partial_branches": 0, "covered_branches": 0, "missing_branches": 6}, "missing_lines": [7, 8, 9, 11, 12, 14, 15, 16, 17, 18, 19, 20, 21, 22, 23, 24, 26, 29, 37, 39, 42, 44, 45, 46, 49, 50, 51, 53, 54, 56, 59, 60, 63, 73, 74, 75, 76, 79, 80, 85, 86, 88, 90, 92, 94, 95, 98, 101, 103, 104, 114, 117, 136, 138, 139, 141, 142, 143, 144, 145, 146, 149, 159, 161, 163, 170, 171, 172, 180, 182, 183, 184, 185, 187, 190, 193, 212, 214, 215, 217, 218, 219, 220, 221, 222, 225, 235, 237, 239, 246, 247, 248, 256, 258, 259, 260, 261, 263, 266, 269, 287, 289, 290, 292, 293, 294, 295, 296, 299, 308, 310, 312, 319, 320, 321, 329, 331, 332, 333, 334, 336, 339, 342, 355, 357, 358, 360, 361, 362, 365, 372, 374, 376, 383, 384, 385, 393, 395, 396, 397, 398, 400, 403, 406, 419, 421, 422, 424, 425, 426, 427, 430, 438, 440, 442, 449, 450, 451, 459, 461, 462, 463, 464, 466], "excluded_lines": [], "executed_branches": [], "missing_branches": [[44, 45], [44, 49], [53, 54], [53, 56], [59, 60], [59, 90]]}}}, "api\\tasks\\task_registry.py": {"executed_lines": [], "summary": {"covered_lines": 0, "num_statements": 27, "percent_covered": 0.0, "percent_covered_display": "0.00", "missing_lines": 27, "excluded_lines": 0, "num_branches": 4, "num_partial_branches": 0, "covered_branches": 0, "missing_branches": 4}, "missing_lines": [7, 8, 10, 19, 22, 23, 24, 25, 26, 30, 40, 49, 62, 63, 65, 68, 81, 82, 84, 87, 94, 97, 110, 111, 112, 113, 114], "excluded_lines": [], "executed_branches": [], "missing_branches": [[62, 63], [62, 65], [81, 82], [81, 84]], "functions": {"get_task_function": {"executed_lines": [], "summary": {"covered_lines": 0, "num_statements": 3, "percent_covered": 0.0, "percent_covered_display": "0.00", "missing_lines": 3, "excluded_lines": 0, "num_branches": 2, "num_partial_branches": 0, "covered_branches": 0, "missing_branches": 2}, "missing_lines": [62, 63, 65], "excluded_lines": [], "executed_branches": [], "missing_branches": [[62, 63], [62, 65]]}, "get_task_name": {"executed_lines": [], "summary": {"covered_lines": 0, "num_statements": 3, "percent_covered": 0.0, "percent_covered_display": "0.00", "missing_lines": 3, "excluded_lines": 0, "num_branches": 2, "num_partial_branches": 0, "covered_branches": 0, "missing_branches": 2}, "missing_lines": [81, 82, 84], "excluded_lines": [], "executed_branches": [], "missing_branches": [[81, 82], [81, 84]]}, "list_available_tasks": {"executed_lines": [], "summary": {"covered_lines": 0, "num_statements": 1, "percent_covered": 0.0, "percent_covered_display": "0.00", "missing_lines": 1, "excluded_lines": 0, "num_branches": 0, "num_partial_branches": 0, "covered_branches": 0, "missing_branches": 0}, "missing_lines": [94], "excluded_lines": [], "executed_branches": [], "missing_branches": []}, "validate_task_type": {"executed_lines": [], "summary": {"covered_lines": 0, "num_statements": 5, "percent_covered": 0.0, "percent_covered_display": "0.00", "missing_lines": 5, "excluded_lines": 0, "num_branches": 0, "num_partial_branches": 0, "covered_branches": 0, "missing_branches": 0}, "missing_lines": [110, 111, 112, 113, 114], "excluded_lines": [], "executed_branches": [], "missing_branches": []}, "": {"executed_lines": [], "summary": {"covered_lines": 0, "num_statements": 15, "percent_covered": 0.0, "percent_covered_display": "0.00", "missing_lines": 15, "excluded_lines": 0, "num_branches": 0, "num_partial_branches": 0, "covered_branches": 0, "missing_branches": 0}, "missing_lines": [7, 8, 10, 19, 22, 23, 24, 25, 26, 30, 40, 49, 68, 87, 97], "excluded_lines": [], "executed_branches": [], "missing_branches": []}}, "classes": {"TaskType": {"executed_lines": [], "summary": {"covered_lines": 0, "num_statements": 0, "percent_covered": 100.0, "percent_covered_display": "100.00", "missing_lines": 0, "excluded_lines": 0, "num_branches": 0, "num_partial_branches": 0, "covered_branches": 0, "missing_branches": 0}, "missing_lines": [], "excluded_lines": [], "executed_branches": [], "missing_branches": []}, "": {"executed_lines": [], "summary": {"covered_lines": 0, "num_statements": 27, "percent_covered": 0.0, "percent_covered_display": "0.00", "missing_lines": 27, "excluded_lines": 0, "num_branches": 4, "num_partial_branches": 0, "covered_branches": 0, "missing_branches": 4}, "missing_lines": [7, 8, 10, 19, 22, 23, 24, 25, 26, 30, 40, 49, 62, 63, 65, 68, 81, 82, 84, 87, 94, 97, 110, 111, 112, 113, 114], "excluded_lines": [], "executed_branches": [], "missing_branches": [[62, 63], [62, 65], [81, 82], [81, 84]]}}}, "api\\utils\\__init__.py": {"executed_lines": [], "summary": {"covered_lines": 0, "num_statements": 0, "percent_covered": 100.0, "percent_covered_display": "100.00", "missing_lines": 0, "excluded_lines": 0, "num_branches": 0, "num_partial_branches": 0, "covered_branches": 0, "missing_branches": 0}, "missing_lines": [], "excluded_lines": [], "executed_branches": [], "missing_branches": [], "functions": {"": {"executed_lines": [], "summary": {"covered_lines": 0, "num_statements": 0, "percent_covered": 100.0, "percent_covered_display": "100.00", "missing_lines": 0, "excluded_lines": 0, "num_branches": 0, "num_partial_branches": 0, "covered_branches": 0, "missing_branches": 0}, "missing_lines": [], "excluded_lines": [], "executed_branches": [], "missing_branches": []}}, "classes": {"": {"executed_lines": [], "summary": {"covered_lines": 0, "num_statements": 0, "percent_covered": 100.0, "percent_covered_display": "100.00", "missing_lines": 0, "excluded_lines": 0, "num_branches": 0, "num_partial_branches": 0, "covered_branches": 0, "missing_branches": 0}, "missing_lines": [], "excluded_lines": [], "executed_branches": [], "missing_branches": []}}}}, "totals": {"covered_lines": 553, "num_statements": 9334, "percent_covered": 4.825479930191972, "percent_covered_display": "4.83", "missing_lines": 8781, "excluded_lines": 75, "num_branches": 2126, "num_partial_branches": 0, "covered_branches": 0, "missing_branches": 2126}}